<?xml version="1.0" encoding="utf-8"?><testsuites name="pytest tests"><testsuite name="pytest" errors="0" failures="0" skipped="0" tests="10" time="15.827" timestamp="2026-03-11T22:22:13.324565+00:00" hostname="agent-env-01deb958-cb87-4f88-b37b-9cf5302a5a0e"><testcase classname="backend.tests.test_account_deletion_cascade.TestRouteAudit" name="test_health_endpoint_returns_200" time="0.250" /><testcase classname="backend.tests.test_account_deletion_cascade.TestRouteAudit" name="test_leads_endpoint_with_auth_returns_200" time="1.211" /><testcase classname="backend.tests.test_account_deletion_cascade.TestRouteAudit" name="test_settings_endpoint_with_auth_returns_200" time="0.773" /><testcase classname="backend.tests.test_account_deletion_cascade.TestRouteAudit" name="test_analytics_revenue_pipeline_with_auth_returns_200" time="1.664" /><testcase classname="backend.tests.test_account_deletion_cascade.TestRouteAudit" name="test_sequences_dashboard_with_auth_returns_200" time="1.824" /><testcase classname="backend.tests.test_account_deletion_cascade.TestAccountDeletionAuth" name="test_delete_account_without_token_returns_401" time="0.197" /><testcase classname="backend.tests.test_account_deletion_cascade.TestAccountDeletionAuth" name="test_delete_account_without_password_returns_400" time="1.892" /><testcase classname="backend.tests.test_account_deletion_cascade.TestAccountDeletionAuth" name="test_delete_account_with_wrong_password_returns_401" time="1.482" /><testcase classname="backend.tests.test_account_deletion_cascade.TestAccountDeletionCascade" name="test_delete_account_with_lead_data_cascades_successfully" time="3.954" /><testcase classname="backend.tests.test_account_deletion_cascade.TestAccountDeletionCascade" name="test_after_deletion_login_fails" time="2.372" /></testsuite></testsuites>