<?xml version="1.0" encoding="utf-8"?><testsuites name="pytest tests"><testsuite name="pytest" errors="0" failures="0" skipped="0" tests="12" time="18.029" timestamp="2026-02-21T00:12:28.619114+00:00" hostname="agent-env-1c9dc939-3637-4257-8af3-ee3a34d207f9"><testcase classname="test_activities.TestActivityLoggingSystem" name="test_get_activities_requires_auth" time="1.661" /><testcase classname="test_activities.TestActivityLoggingSystem" name="test_get_activities_returns_404_for_invalid_lead" time="1.397" /><testcase classname="test_activities.TestActivityLoggingSystem" name="test_get_activities_for_valid_lead" time="1.975" /><testcase classname="test_activities.TestActivityLoggingSystem" name="test_add_note_requires_auth" time="0.602" /><testcase classname="test_activities.TestActivityLoggingSystem" name="test_add_note_returns_404_for_invalid_lead" time="0.661" /><testcase classname="test_activities.TestActivityLoggingSystem" name="test_add_note_requires_content" time="0.714" /><testcase classname="test_activities.TestActivityLoggingSystem" name="test_add_note_creates_activity" time="1.936" /><testcase classname="test_activities.TestActivityLoggingSystem" name="test_note_includes_user_info" time="1.304" /><testcase classname="test_activities.TestActivityLoggingSystem" name="test_status_change_logs_activity" time="2.320" /><testcase classname="test_activities.TestActivityLoggingSystem" name="test_multiple_status_changes_log_multiple_activities" time="2.561" /><testcase classname="test_activities.TestActivityLoggingSystem" name="test_activities_ordered_by_newest_first" time="1.144" /><testcase classname="test_activities.TestActivityAPIIntegration" name="test_lead_creation_logs_activity" time="1.564" /></testsuite></testsuites>