<?xml version="1.0" encoding="utf-8"?><testsuites name="pytest tests"><testsuite name="pytest" errors="0" failures="0" skipped="0" tests="34" time="25.584" timestamp="2026-03-10T20:57:34.031301+00:00" hostname="agent-env-76120ea6-7132-431e-97ea-c622d849c4c0"><testcase classname="test_analytics_verification.TestRevenueStats" name="test_revenue_endpoint_returns_200" time="2.611" /><testcase classname="test_analytics_verification.TestRevenueStats" name="test_revenue_response_structure" time="1.941" /><testcase classname="test_analytics_verification.TestRevenueStats" name="test_revenue_values_are_numbers" time="1.988" /><testcase classname="test_analytics_verification.TestRevenuePipeline" name="test_revenue_pipeline_returns_200" time="0.713" /><testcase classname="test_analytics_verification.TestRevenuePipeline" name="test_revenue_pipeline_has_all_5_stages" time="0.677" /><testcase classname="test_analytics_verification.TestRevenuePipeline" name="test_revenue_pipeline_total_value" time="0.675" /><testcase classname="test_analytics_verification.TestPortalViews" name="test_portal_view_returns_200" time="0.913" /><testcase classname="test_analytics_verification.TestPortalViews" name="test_portal_view_returns_client_data" time="0.914" /><testcase classname="test_analytics_verification.TestPortalViews" name="test_portal_view_increments_count" time="2.369" /><testcase classname="test_analytics_verification.TestPortalViews" name="test_portal_meta_has_last_updated" time="0.914" /><testcase classname="test_analytics_verification.TestSequencesDashboard" name="test_sequences_dashboard_returns_200" time="0.359" /><testcase classname="test_analytics_verification.TestSequencesDashboard" name="test_sequences_have_correct_stats" time="0.361" /><testcase classname="test_analytics_verification.TestSequencesStats" name="test_sequences_stats_returns_200" time="0.578" /><testcase classname="test_analytics_verification.TestSequencesStats" name="test_sequences_stats_has_required_fields" time="0.690" /><testcase classname="test_analytics_verification.TestSequencesStats" name="test_emails_sent_is_integer" time="0.584" /><testcase classname="test_analytics_verification.TestDigestPreview" name="test_digest_preview_returns_200" time="1.478" /><testcase classname="test_analytics_verification.TestDigestPreview" name="test_digest_has_stats_structure" time="1.518" /><testcase classname="test_analytics_verification.TestDigestPreview" name="test_digest_has_period" time="1.465" /><testcase classname="test_analytics_verification.TestAnalyticsDashboard" name="test_analytics_dashboard_returns_200" time="0.236" /><testcase classname="test_analytics_verification.TestAnalyticsDashboard" name="test_analytics_has_overview" time="0.229" /><testcase classname="test_analytics_verification.TestAnalyticsDashboard" name="test_analytics_has_metrics" time="0.238" /><testcase classname="test_analytics_verification.TestMonthlyTrend" name="test_monthly_trend_returns_200" time="0.240" /><testcase classname="test_analytics_verification.TestMonthlyTrend" name="test_monthly_trend_has_12_months" time="0.246" /><testcase classname="test_analytics_verification.TestMonthlyTrend" name="test_monthly_trend_structure" time="0.233" /><testcase classname="test_analytics_verification.TestMilestones" name="test_get_milestones_returns_200" time="0.364" /><testcase classname="test_analytics_verification.TestMilestones" name="test_create_milestone" time="0.485" /><testcase classname="test_analytics_verification.TestMilestones" name="test_update_milestone" time="0.967" /><testcase classname="test_analytics_verification.TestMilestones" name="test_delete_milestone" time="0.585" /><testcase classname="test_analytics_verification.TestMilestones" name="test_milestones_on_portal" time="0.345" /><testcase classname="test_analytics_verification.TestAuthRequired" name="test_revenue_requires_auth" time="0.128" /><testcase classname="test_analytics_verification.TestAuthRequired" name="test_analytics_dashboard_requires_auth" time="0.117" /><testcase classname="test_analytics_verification.TestAuthRequired" name="test_revenue_pipeline_requires_auth" time="0.116" /><testcase classname="test_analytics_verification.TestAuthRequired" name="test_sequences_dashboard_requires_auth" time="0.103" /><testcase classname="test_analytics_verification.TestAuthRequired" name="test_digest_preview_requires_auth" time="0.112" /></testsuite></testsuites>