<?xml version="1.0" encoding="utf-8"?><testsuites name="pytest tests"><testsuite name="pytest" errors="0" failures="0" skipped="0" tests="9" time="7.361" timestamp="2026-03-05T11:56:43.681484+00:00" hostname="agent-env-e81e8e89-88aa-468c-abcc-a5cbb547a509"><testcase classname="tests.test_brand_settings.TestBrandSettingsAPI" name="test_get_brand_settings" time="1.881" /><testcase classname="tests.test_brand_settings.TestBrandSettingsAPI" name="test_update_brand_primary_color" time="0.865" /><testcase classname="tests.test_brand_settings.TestBrandSettingsAPI" name="test_update_brand_accent_color" time="0.684" /><testcase classname="tests.test_brand_settings.TestBrandSettingsAPI" name="test_update_brand_font_family" time="0.853" /><testcase classname="tests.test_brand_settings.TestBrandSettingsAPI" name="test_update_multiple_brand_settings" time="0.704" /><testcase classname="tests.test_brand_settings.TestBrandSettingsAPI" name="test_reset_brand_to_defaults" time="0.599" /><testcase classname="tests.test_brand_settings.TestBrandSettingsAPI" name="test_brand_settings_requires_auth" time="0.568" /><testcase classname="tests.test_brand_settings.TestGeneralSettingsAPI" name="test_get_settings" time="0.616" /><testcase classname="tests.test_brand_settings.TestGeneralSettingsAPI" name="test_get_currencies" time="0.477" /></testsuite></testsuites>