<?xml version="1.0" encoding="utf-8"?><testsuites name="pytest tests"><testsuite name="pytest" errors="0" failures="0" skipped="0" tests="9" time="3.965" timestamp="2026-03-13T16:57:30.189758+00:00" hostname="agent-env-01deb958-cb87-4f88-b37b-9cf5302a5a0e"><testcase classname="test_bug_fixes_iteration66.TestEmailSignatureAPI" name="test_settings_get_returns_email_signature_field" time="0.863" /><testcase classname="test_bug_fixes_iteration66.TestEmailSignatureAPI" name="test_settings_patch_accepts_email_signature" time="0.575" /><testcase classname="test_bug_fixes_iteration66.TestEmailSignatureAPI" name="test_settings_get_returns_updated_email_signature" time="0.570" /><testcase classname="test_bug_fixes_iteration66.TestEmailSignatureAPI" name="test_settings_clear_email_signature" time="0.248" /><testcase classname="test_bug_fixes_iteration66.TestSettingsAPIStructure" name="test_settings_contains_all_required_fields" time="0.675" /><testcase classname="test_bug_fixes_iteration66.TestSettingsAPIStructure" name="test_available_currencies_returned" time="0.227" /><testcase classname="test_bug_fixes_iteration66.TestHealthAndAuth" name="test_health_endpoint" time="0.112" /><testcase classname="test_bug_fixes_iteration66.TestHealthAndAuth" name="test_login_with_valid_credentials" time="0.484" /><testcase classname="test_bug_fixes_iteration66.TestHealthAndAuth" name="test_settings_requires_auth" time="0.108" /></testsuite></testsuites>