<?xml version="1.0" encoding="utf-8"?><testsuites name="pytest tests"><testsuite name="pytest" errors="0" failures="0" skipped="0" tests="14" time="26.831" timestamp="2026-03-07T11:38:22.640313+00:00" hostname="agent-env-cd3074d9-3582-4207-8bdb-1df3b49d8beb"><testcase classname="tests.test_bug_fixes_iteration47.TestHealthAndAuth" name="test_01_health_check" time="0.243" /><testcase classname="tests.test_bug_fixes_iteration47.TestHealthAndAuth" name="test_02_login" time="0.730" /><testcase classname="tests.test_bug_fixes_iteration47.TestDataIsolation" name="test_03_leads_return_only_assigned_to_user" time="0.879" /><testcase classname="tests.test_bug_fixes_iteration47.TestDataIsolation" name="test_04_get_lead_returns_404_for_non_owned" time="0.751" /><testcase classname="tests.test_bug_fixes_iteration47.TestDataIsolation" name="test_05_patch_lead_returns_404_for_non_owned" time="0.617" /><testcase classname="tests.test_bug_fixes_iteration47.TestDataIsolation" name="test_06_create_quote_rejects_non_owned_leads" time="0.611" /><testcase classname="tests.test_bug_fixes_iteration47.TestDataIsolation" name="test_07_get_quotes_only_shows_owned_lead_quotes" time="0.619" /><testcase classname="tests.test_bug_fixes_iteration47.TestEmailAndQuoteFlow" name="test_08_create_lead_and_verify_emails" time="1.183" /><testcase classname="tests.test_bug_fixes_iteration47.TestEmailAndQuoteFlow" name="test_09_quote_flow_create_and_send" time="4.936" /><testcase classname="tests.test_bug_fixes_iteration47.TestQuoteAcceptanceAndContract" name="test_10_11_12_quote_acceptance_and_contract_generation" time="9.557" /><testcase classname="tests.test_bug_fixes_iteration47.TestMessagesAndActivities" name="test_13_messages_unread_counts_filtered_by_user" time="0.728" /><testcase classname="tests.test_bug_fixes_iteration47.TestMessagesAndActivities" name="test_14_activities_filtered_by_lead_ownership" time="0.607" /><testcase classname="tests.test_bug_fixes_iteration47.TestBrandSettings" name="test_15_brand_settings_get_and_patch" time="1.375" /><testcase classname="tests.test_bug_fixes_iteration47.TestCleanup" name="test_99_cleanup_test_leads" time="3.871" /></testsuite></testsuites>