<?xml version="1.0" encoding="utf-8"?><testsuites name="pytest tests"><testsuite name="pytest" errors="0" failures="0" skipped="0" tests="11" time="9.493" timestamp="2026-03-30T21:56:01.008743+00:00" hostname="agent-env-18ae5035-910d-4a1a-9acf-52e28735e40f"><testcase classname="tests.test_calendar_api.TestCalendarAPI" name="test_health_check" time="0.913" /><testcase classname="tests.test_calendar_api.TestCalendarAPI" name="test_get_calendar_events" time="0.875" /><testcase classname="tests.test_calendar_api.TestCalendarAPI" name="test_get_calendar_events_without_params" time="1.180" /><testcase classname="tests.test_calendar_api.TestCalendarAPI" name="test_get_google_events_not_connected" time="0.716" /><testcase classname="tests.test_calendar_api.TestCalendarAPI" name="test_create_manual_event" time="0.774" /><testcase classname="tests.test_calendar_api.TestCalendarAPI" name="test_create_event_with_time" time="1.322" /><testcase classname="tests.test_calendar_api.TestCalendarAPI" name="test_create_event_validation" time="0.561" /><testcase classname="tests.test_calendar_api.TestCalendarAPI" name="test_delete_manual_event" time="1.001" /><testcase classname="tests.test_calendar_api.TestCalendarAPI" name="test_delete_nonexistent_event" time="0.579" /><testcase classname="tests.test_calendar_api.TestCalendarAPI" name="test_calendar_events_require_auth" time="0.672" /><testcase classname="tests.test_calendar_api.TestCalendarAPI" name="test_verify_existing_manual_event" time="0.774" /></testsuite></testsuites>