<?xml version="1.0" encoding="utf-8"?><testsuites name="pytest tests"><testsuite name="pytest" errors="0" failures="0" skipped="0" tests="13" time="6.080" timestamp="2026-03-20T19:34:34.539889+00:00" hostname="agent-env-cc2ad541-a971-426d-a334-dade7c52fd31"><testcase classname="tests.test_calendar_sync_slots.TestHealthCheck" name="test_health_endpoint" time="0.144" /><testcase classname="tests.test_calendar_sync_slots.TestGoogleCalendarStatus" name="test_calendar_status_requires_auth" time="0.130" /><testcase classname="tests.test_calendar_sync_slots.TestGoogleCalendarStatus" name="test_calendar_status_with_auth" time="0.817" /><testcase classname="tests.test_calendar_sync_slots.TestPublicBookingSlots" name="test_slots_endpoint_returns_calendar_synced_field" time="0.721" /><testcase classname="tests.test_calendar_sync_slots.TestPublicBookingSlots" name="test_calendar_synced_is_false_when_not_connected" time="0.719" /><testcase classname="tests.test_calendar_sync_slots.TestPublicBookingSlots" name="test_slots_response_structure" time="0.708" /><testcase classname="tests.test_calendar_sync_slots.TestPublicBookingSlots" name="test_slot_generation_count" time="0.701" /><testcase classname="tests.test_calendar_sync_slots.TestPublicBookingSlots" name="test_slot_format" time="0.705" /><testcase classname="tests.test_calendar_sync_slots.TestPublicBookingSlots" name="test_slots_require_date_param" time="0.128" /><testcase classname="tests.test_calendar_sync_slots.TestPublicBookingSlots" name="test_slots_weekend_no_availability" time="0.373" /><testcase classname="tests.test_calendar_sync_slots.TestPublicBookingSlots" name="test_invalid_user_id" time="0.262" /><testcase classname="tests.test_calendar_sync_slots.TestPublicBookingSlots" name="test_invalid_meeting_type_id" time="0.241" /><testcase classname="tests.test_calendar_sync_slots.TestPublicBookingPageData" name="test_get_page_data" time="0.369" /></testsuite></testsuites>