<?xml version="1.0" encoding="utf-8"?><testsuites name="pytest tests"><testsuite name="pytest" errors="0" failures="0" skipped="0" tests="11" time="3.291" timestamp="2026-02-21T13:31:54.074213+00:00" hostname="agent-env-d41d17e6-1bc9-4672-b3d8-431c960a7dbe"><testcase classname="backend.tests.test_calendar.TestCalendarEventsAPI" name="test_get_calendar_events_returns_200" time="0.973" /><testcase classname="backend.tests.test_calendar.TestCalendarEventsAPI" name="test_get_calendar_events_with_date_range" time="0.216" /><testcase classname="backend.tests.test_calendar.TestCalendarEventsAPI" name="test_calendar_event_structure" time="0.225" /><testcase classname="backend.tests.test_calendar.TestCalendarEventsAPI" name="test_calendar_event_types" time="0.231" /><testcase classname="backend.tests.test_calendar.TestCalendarEventsAPI" name="test_booked_leads_appear_as_events" time="0.213" /><testcase classname="backend.tests.test_calendar.TestCalendarEventsAPI" name="test_service_types_in_calendar_events" time="0.234" /><testcase classname="backend.tests.test_calendar.TestCalendarEventsAPI" name="test_calendar_event_has_value_field" time="0.243" /><testcase classname="backend.tests.test_calendar.TestCalendarEventsAPI" name="test_unauthorized_access_rejected" time="0.109" /><testcase classname="backend.tests.test_calendar.TestCalendarEventsAPI" name="test_expected_test_data_present" time="0.213" /><testcase classname="backend.tests.test_calendar.TestCalendarEventsAPI" name="test_event_dates_match_expected" time="0.211" /><testcase classname="backend.tests.test_calendar.TestLeadsStatsAPI" name="test_stats_endpoint_returns_booked_count" time="0.315" /></testsuite></testsuites>