<?xml version="1.0" encoding="utf-8"?><testsuites name="pytest tests"><testsuite name="pytest" errors="0" failures="1" skipped="0" tests="19" time="13.489" timestamp="2026-03-06T10:52:26.583473+00:00" hostname="agent-env-d638742d-1546-4a91-b62b-42fa3bb7293d"><testcase classname="backend.tests.test_client_file_upload.TestPortalUploadEndpoint" name="test_upload_valid_txt_file" time="2.326" /><testcase classname="backend.tests.test_client_file_upload.TestPortalUploadEndpoint" name="test_upload_valid_image_file" time="0.950" /><testcase classname="backend.tests.test_client_file_upload.TestPortalUploadEndpoint" name="test_upload_valid_pdf_file" time="0.941" /><testcase classname="backend.tests.test_client_file_upload.TestPortalUploadEndpoint" name="test_upload_blocked_exe_file" time="0.051" /><testcase classname="backend.tests.test_client_file_upload.TestPortalUploadEndpoint" name="test_upload_blocked_sh_file" time="0.053" /><testcase classname="backend.tests.test_client_file_upload.TestPortalUploadEndpoint" name="test_upload_blocked_js_file" time="0.048" /><testcase classname="backend.tests.test_client_file_upload.TestPortalUploadEndpoint" name="test_upload_blocked_bat_file" time="0.077" /><testcase classname="backend.tests.test_client_file_upload.TestPortalUploadEndpoint" name="test_upload_multiple_files" time="2.584" /><testcase classname="backend.tests.test_client_file_upload.TestPortalUploadEndpoint" name="test_upload_no_files" time="0.052" /><testcase classname="backend.tests.test_client_file_upload.TestPortalUploadEndpoint" name="test_upload_invalid_token" time="0.189" /><testcase classname="backend.tests.test_client_file_upload.TestPortalGetFilesEndpoint" name="test_get_client_files" time="0.383" /><testcase classname="backend.tests.test_client_file_upload.TestPortalGetFilesEndpoint" name="test_get_files_invalid_token" time="0.184" /><testcase classname="backend.tests.test_client_file_upload.TestPortalDataIncludesClientFiles" name="test_portal_data_includes_files" time="1.288" /><testcase classname="backend.tests.test_client_file_upload.TestPortalDataIncludesClientFiles" name="test_portal_shows_client_uploaded_files" time="0.719" /><testcase classname="backend.tests.test_client_file_upload.TestPortalFileDownload" name="test_download_shared_file" time="1.319" /><testcase classname="backend.tests.test_client_file_upload.TestPortalFileDownload" name="test_download_invalid_file" time="0.288" /><testcase classname="backend.tests.test_client_file_upload.TestCreativeDashboardShowsClientUploads" name="test_creative_sees_client_uploads" time="1.388" /><testcase classname="backend.tests.test_client_file_upload.TestFileValidationRules" name="test_max_5_files_enforced" time="0.054" /><testcase classname="backend.tests.test_client_file_upload.TestFileValidationRules" name="test_allowed_extensions_pass" time="0.440"><failure message="AssertionError: Extension .png should be allowed&#10;assert 500 == 200&#10; +  where 500 = &lt;Response [500]&gt;.status_code">backend/tests/test_client_file_upload.py:410: in test_allowed_extensions_pass
    assert response.status_code == 200, f"Extension {ext} should be allowed"
E   AssertionError: Extension .png should be allowed
E   assert 500 == 200
E    +  where 500 = &lt;Response [500]&gt;.status_code</failure></testcase></testsuite></testsuites>