<?xml version="1.0" encoding="utf-8"?><testsuites name="pytest tests"><testsuite name="pytest" errors="0" failures="0" skipped="0" tests="10" time="54.814" timestamp="2026-03-14T20:58:15.157980+00:00" hostname="agent-env-164f80a2-f8bf-46f8-baf1-aa635a471777"><testcase classname="tests.test_contract_workflow_fixes.TestContractWorkflowFixes" name="test_01_health_check" time="0.921" /><testcase classname="tests.test_contract_workflow_fixes.TestContractWorkflowFixes" name="test_02_create_lead_for_contract_test" time="1.229" /><testcase classname="tests.test_contract_workflow_fixes.TestContractWorkflowFixes" name="test_03_create_and_send_quote" time="4.638" /><testcase classname="tests.test_contract_workflow_fixes.TestContractWorkflowFixes" name="test_04_accept_quote_creates_draft_contract" time="12.015" /><testcase classname="tests.test_contract_workflow_fixes.TestContractWorkflowFixes" name="test_05_pending_endpoint_returns_draft_contracts" time="10.377" /><testcase classname="tests.test_contract_workflow_fixes.TestContractWorkflowFixes" name="test_06_manual_send_changes_to_sent" time="12.819" /><testcase classname="tests.test_contract_workflow_fixes.TestContractWorkflowFixes" name="test_07_pending_endpoint_excludes_sent_contracts" time="10.733" /><testcase classname="tests.test_contract_workflow_fixes.TestContractPendingEndpoint" name="test_pending_endpoint_exists" time="0.748" /><testcase classname="tests.test_contract_workflow_fixes.TestContractPendingEndpoint" name="test_pending_endpoint_requires_auth" time="0.536" /><testcase classname="tests.test_contract_workflow_fixes.TestContractPendingEndpoint" name="test_pending_returns_lead_info" time="0.747" /></testsuite></testsuites>