<?xml version="1.0" encoding="utf-8"?><testsuites name="pytest tests"><testsuite name="pytest" errors="0" failures="0" skipped="0" tests="22" time="16.074" timestamp="2026-03-04T00:32:42.809200+00:00" hostname="agent-env-7d297365-8e23-458a-9c29-3f7965c71be4"><testcase classname="tests.test_contracts_api.TestContractTemplates" name="test_get_templates_requires_auth" time="0.165" /><testcase classname="tests.test_contracts_api.TestContractTemplates" name="test_get_templates_success" time="0.684" /><testcase classname="tests.test_contracts_api.TestCreateContract" name="test_create_contract_requires_auth" time="0.127" /><testcase classname="tests.test_contracts_api.TestCreateContract" name="test_create_contract_invalid_template" time="0.472" /><testcase classname="tests.test_contracts_api.TestCreateContract" name="test_create_contract_success" time="0.768" /><testcase classname="tests.test_contracts_api.TestCreateContract" name="test_create_contract_custom_template" time="0.612" /><testcase classname="tests.test_contracts_api.TestGetContracts" name="test_get_contracts_for_lead" time="0.467" /><testcase classname="tests.test_contracts_api.TestGetContracts" name="test_get_single_contract" time="0.468" /><testcase classname="tests.test_contracts_api.TestGetContracts" name="test_get_nonexistent_contract" time="0.235" /><testcase classname="tests.test_contracts_api.TestEditContract" name="test_edit_draft_contract" time="1.894" /><testcase classname="tests.test_contracts_api.TestEditContract" name="test_edit_sent_contract_fails" time="0.596" /><testcase classname="tests.test_contracts_api.TestEditContract" name="test_edit_agreed_contract_fails" time="0.345" /><testcase classname="tests.test_contracts_api.TestDeleteContract" name="test_delete_sent_contract_fails" time="0.316" /><testcase classname="tests.test_contracts_api.TestDeleteContract" name="test_delete_agreed_contract_fails" time="0.351" /><testcase classname="tests.test_contracts_api.TestDeleteContract" name="test_delete_draft_contract" time="1.673" /><testcase classname="tests.test_contracts_api.TestSendContract" name="test_send_contract" time="1.712" /><testcase classname="tests.test_contracts_api.TestSendContract" name="test_send_already_agreed_fails" time="0.446" /><testcase classname="tests.test_contracts_api.TestAgreeContract" name="test_agree_requires_portal_token" time="0.130" /><testcase classname="tests.test_contracts_api.TestAgreeContract" name="test_agree_invalid_token_fails" time="0.717" /><testcase classname="tests.test_contracts_api.TestAgreeContract" name="test_agree_already_agreed_fails" time="0.443" /><testcase classname="tests.test_contracts_api.TestAgreeContract" name="test_agree_contract_success" time="2.375" /><testcase classname="tests.test_contracts_api.TestPortalContracts" name="test_portal_includes_contracts" time="0.898" /></testsuite></testsuites>