<?xml version="1.0" encoding="utf-8"?><testsuites name="pytest tests"><testsuite name="pytest" errors="0" failures="0" skipped="0" tests="13" time="20.613" timestamp="2026-03-14T20:16:28.857030+00:00" hostname="agent-env-164f80a2-f8bf-46f8-baf1-aa635a471777"><testcase classname="tests.test_contract_auto_generation.TestContractAutoGeneration" name="test_01_health_check" time="0.128" /><testcase classname="tests.test_contract_auto_generation.TestContractAutoGeneration" name="test_02_login_returns_token" time="0.631" /><testcase classname="tests.test_contract_auto_generation.TestContractAutoGeneration" name="test_03_create_lead_with_owner_email" time="1.201" /><testcase classname="tests.test_contract_auto_generation.TestContractAutoGeneration" name="test_04_create_quote_for_lead" time="1.957" /><testcase classname="tests.test_contract_auto_generation.TestContractAutoGeneration" name="test_05_send_quote_to_client" time="1.438" /><testcase classname="tests.test_contract_auto_generation.TestContractAutoGeneration" name="test_06_accept_quote_triggers_contract_auto_generation" time="10.197" /><testcase classname="tests.test_contract_auto_generation.TestContractAutoGeneration" name="test_07_verify_contract_auto_generated" time="0.503" /><testcase classname="tests.test_contract_auto_generation.TestContractAutoGeneration" name="test_08_portal_returns_auto_generated_contract" time="1.582" /><testcase classname="tests.test_contract_auto_generation.TestManualContractSend" name="test_01_create_lead_for_manual_contract" time="0.875" /><testcase classname="tests.test_contract_auto_generation.TestManualContractSend" name="test_02_create_contract_draft" time="0.947" /><testcase classname="tests.test_contract_auto_generation.TestManualContractSend" name="test_03_send_contract_returns_emailSent" time="1.100" /><testcase classname="tests.test_contract_auto_generation.TestContractStatusBadges" name="test_status_styles_in_component" time="0.000" /><testcase classname="tests.test_contract_auto_generation.TestContractAutoExpand" name="test_auto_expand_logic_in_component" time="0.000" /></testsuite></testsuites>