<?xml version="1.0" encoding="utf-8"?><testsuites name="pytest tests"><testsuite name="pytest" errors="0" failures="0" skipped="0" tests="6" time="12.449" timestamp="2026-03-14T12:04:43.530991+00:00" hostname="agent-env-164f80a2-f8bf-46f8-baf1-aa635a471777"><testcase classname="tests.test_contract_email_send.TestContractEmailSend" name="test_login_works" time="2.363" /><testcase classname="tests.test_contract_email_send.TestContractEmailSend" name="test_create_lead_works" time="1.350" /><testcase classname="tests.test_contract_email_send.TestContractEmailSend" name="test_create_contract_works" time="1.223" /><testcase classname="tests.test_contract_email_send.TestContractEmailSend" name="test_send_contract_returns_emailsent_true" time="2.792" /><testcase classname="tests.test_contract_email_send.TestContractEmailSend" name="test_send_contract_response_structure" time="2.023" /><testcase classname="tests.test_contract_email_send.TestContractEmailSend" name="test_send_contract_with_external_email_returns_emailsent_false" time="2.596" /></testsuite></testsuites>