<?xml version="1.0" encoding="utf-8"?><testsuites name="pytest tests"><testsuite name="pytest" errors="0" failures="0" skipped="0" tests="13" time="15.976" timestamp="2026-03-05T16:14:26.193759+00:00" hostname="agent-env-e81e8e89-88aa-468c-abcc-a5cbb547a509"><testcase classname="test_crm_phase1.TestCRMPhase1" name="test_get_crm_alerts_authenticated" time="2.496" /><testcase classname="test_crm_phase1.TestCRMPhase1" name="test_get_crm_alerts_sorted_by_priority" time="1.157" /><testcase classname="test_crm_phase1.TestCRMPhase1" name="test_get_crm_alerts_unauthenticated" time="0.818" /><testcase classname="test_crm_phase1.TestCRMPhase1" name="test_post_interaction_creates_record" time="1.368" /><testcase classname="test_crm_phase1.TestCRMPhase1" name="test_post_interaction_missing_fields" time="0.757" /><testcase classname="test_crm_phase1.TestCRMPhase1" name="test_get_interactions_for_lead" time="0.986" /><testcase classname="test_crm_phase1.TestCRMPhase1" name="test_patch_pipeline_status" time="0.896" /><testcase classname="test_crm_phase1.TestCRMPhase1" name="test_get_revenue_stats" time="2.598" /><testcase classname="test_crm_phase1.TestCRMPhase1" name="test_get_revenue_unauthenticated" time="0.813" /><testcase classname="test_crm_phase1.TestCRMPhase1" name="test_post_income_creates_record" time="0.912" /><testcase classname="test_crm_phase1.TestCRMPhase1" name="test_get_income_records" time="1.078" /><testcase classname="test_crm_phase1.TestCRMPhase1" name="test_patch_income_status" time="1.208" /><testcase classname="test_crm_phase1.TestCRMPhase1" name="test_get_income_unauthenticated" time="0.757" /></testsuite></testsuites>