<?xml version="1.0" encoding="utf-8"?><testsuites name="pytest tests"><testsuite name="pytest" errors="0" failures="0" skipped="0" tests="11" time="28.701" timestamp="2026-04-13T11:33:47.379494+00:00" hostname="agent-env-18ae5035-910d-4a1a-9acf-52e28735e40f"><testcase classname="tests.test_custom_sequences_api.TestCustomSequencesAPI" name="test_list_custom_sequences" time="2.350" /><testcase classname="tests.test_custom_sequences_api.TestCustomSequencesAPI" name="test_create_custom_sequence" time="3.538" /><testcase classname="tests.test_custom_sequences_api.TestCustomSequencesAPI" name="test_create_sequence_validation" time="1.359" /><testcase classname="tests.test_custom_sequences_api.TestCustomSequencesAPI" name="test_update_custom_sequence" time="3.784" /><testcase classname="tests.test_custom_sequences_api.TestCustomSequencesAPI" name="test_delete_custom_sequence" time="2.436" /><testcase classname="tests.test_custom_sequences_api.TestSequenceStepsAPI" name="test_add_step_to_sequence" time="2.644" /><testcase classname="tests.test_custom_sequences_api.TestSequenceStepsAPI" name="test_update_step" time="2.771" /><testcase classname="tests.test_custom_sequences_api.TestSequenceStepsAPI" name="test_delete_step" time="4.748" /><testcase classname="tests.test_custom_sequences_api.TestDashboardEndpoints" name="test_dashboard_sequences" time="2.188" /><testcase classname="tests.test_custom_sequences_api.TestDashboardEndpoints" name="test_dashboard_stats" time="1.800" /><testcase classname="tests.test_custom_sequences_api.TestDashboardEndpoints" name="test_email_log" time="1.026" /></testsuite></testsuites>