<?xml version="1.0" encoding="utf-8"?><testsuites name="pytest tests"><testsuite name="pytest" errors="0" failures="0" skipped="0" tests="7" time="4.218" timestamp="2026-03-27T19:09:04.839484+00:00" hostname="agent-env-18ae5035-910d-4a1a-9acf-52e28735e40f"><testcase classname="backend.tests.test_dashboard_premium_upgrade.TestHealthCheck" name="test_health_endpoint" time="0.133" /><testcase classname="backend.tests.test_dashboard_premium_upgrade.TestAuthentication" name="test_login_success" time="0.528" /><testcase classname="backend.tests.test_dashboard_premium_upgrade.TestRecentActivitiesEndpoint" name="test_recent_activities_requires_auth" time="0.108" /><testcase classname="backend.tests.test_dashboard_premium_upgrade.TestRecentActivitiesEndpoint" name="test_recent_activities_returns_data" time="0.793" /><testcase classname="backend.tests.test_dashboard_premium_upgrade.TestRecentActivitiesEndpoint" name="test_recent_activities_limit_parameter" time="1.227" /><testcase classname="backend.tests.test_dashboard_premium_upgrade.TestLeadsEndpoint" name="test_leads_have_updated_at_field" time="0.621" /><testcase classname="backend.tests.test_dashboard_premium_upgrade.TestStatsEndpoint" name="test_stats_returns_total_count" time="0.688" /></testsuite></testsuites>