<?xml version="1.0" encoding="utf-8"?><testsuites name="pytest tests"><testsuite name="pytest" errors="0" failures="0" skipped="0" tests="11" time="21.974" timestamp="2026-03-06T20:09:19.221877+00:00" hostname="agent-env-74af7a87-854a-4c5b-9125-d3b4c0109a80"><testcase classname="tests.test_day11_auto_contract.TestHealthAndLogin" name="test_health_check" time="0.156" /><testcase classname="tests.test_day11_auto_contract.TestHealthAndLogin" name="test_login_success" time="0.651" /><testcase classname="tests.test_day11_auto_contract.TestCokespiceLeadContracts" name="test_get_contracts_for_cokespice" time="0.736" /><testcase classname="tests.test_day11_auto_contract.TestCokespiceLeadContracts" name="test_contracts_endpoint_returns_404_unauthorized" time="0.223" /><testcase classname="tests.test_day11_auto_contract.TestAutoContractGeneration" name="test_full_auto_contract_flow" time="7.644" /><testcase classname="tests.test_day11_auto_contract.TestPortalContracts" name="test_portal_returns_contracts" time="1.660" /><testcase classname="tests.test_day11_auto_contract.TestPortalContractAgreement" name="test_agree_contract_via_portal" time="3.402" /><testcase classname="tests.test_day11_auto_contract.TestPortalContractAgreement" name="test_agree_requires_portal_token" time="0.489" /><testcase classname="tests.test_day11_auto_contract.TestIndustrySpecificTemplates" name="test_photography_user_gets_photography_template" time="5.599" /><testcase classname="tests.test_day11_auto_contract.TestExistingFlows" name="test_leads_list" time="0.455" /><testcase classname="tests.test_day11_auto_contract.TestExistingFlows" name="test_sequences_list" time="0.907" /></testsuite></testsuites>