<?xml version="1.0" encoding="utf-8"?><testsuites name="pytest tests"><testsuite name="pytest" errors="0" failures="0" skipped="0" tests="12" time="12.430" timestamp="2026-03-06T18:52:40.043287+00:00" hostname="agent-env-74af7a87-854a-4c5b-9125-d3b4c0109a80"><testcase classname="tests.test_day10_autoresponse_delivery.TestDay10AutoResponseDelivery" name="test_public_lead_submission_success" time="1.006" /><testcase classname="tests.test_day10_autoresponse_delivery.TestDay10AutoResponseDelivery" name="test_public_lead_submission_validation" time="0.111" /><testcase classname="tests.test_day10_autoresponse_delivery.TestDay10AutoResponseDelivery" name="test_public_lead_submission_email_validation" time="0.116" /><testcase classname="tests.test_day10_autoresponse_delivery.TestDay10AutoResponseDelivery" name="test_mark_delivered_requires_auth" time="0.117" /><testcase classname="tests.test_day10_autoresponse_delivery.TestDay10AutoResponseDelivery" name="test_mark_delivered_returns_404_for_nonexistent" time="0.997" /><testcase classname="tests.test_day10_autoresponse_delivery.TestDay10AutoResponseDelivery" name="test_mark_delivered_success" time="2.381" /><testcase classname="tests.test_day10_autoresponse_delivery.TestDay10AutoResponseDelivery" name="test_mark_delivered_with_no_files" time="1.636" /><testcase classname="tests.test_day10_autoresponse_delivery.TestDay10AutoResponseDelivery" name="test_mark_delivered_idempotent" time="2.729" /><testcase classname="tests.test_day10_autoresponse_delivery.TestDay10AutoResponseDelivery" name="test_verify_lead_status_after_delivery" time="1.911" /><testcase classname="tests.test_day10_autoresponse_delivery.TestExistingFlows" name="test_health_check" time="0.130" /><testcase classname="tests.test_day10_autoresponse_delivery.TestExistingFlows" name="test_login" time="0.401" /><testcase classname="tests.test_day10_autoresponse_delivery.TestExistingFlows" name="test_leads_list" time="0.780" /></testsuite></testsuites>