<?xml version="1.0" encoding="utf-8"?><testsuites name="pytest tests"><testsuite name="pytest" errors="0" failures="0" skipped="0" tests="16" time="19.967" timestamp="2026-03-06T20:58:21.328041+00:00" hostname="agent-env-cd3074d9-3582-4207-8bdb-1df3b49d8beb"><testcase classname="tests.test_day12_email_notifications.TestHealthAndAuth" name="test_01_health_check" time="0.204" /><testcase classname="tests.test_day12_email_notifications.TestHealthAndAuth" name="test_02_login" time="1.523" /><testcase classname="tests.test_day12_email_notifications.TestPaymentServiceEmailWiring" name="test_03_deposit_checkout_endpoint_exists" time="0.431" /><testcase classname="tests.test_day12_email_notifications.TestPaymentServiceEmailWiring" name="test_04_final_checkout_endpoint_exists" time="0.285" /><testcase classname="tests.test_day12_email_notifications.TestLeadsMarkDeliveredEmailWiring" name="test_05_create_test_lead_for_delivery" time="0.836" /><testcase classname="tests.test_day12_email_notifications.TestLeadsMarkDeliveredEmailWiring" name="test_06_mark_delivered_with_testimonial_email" time="2.742" /><testcase classname="tests.test_day12_email_notifications.TestContractsEmailWiring" name="test_07_get_existing_lead_with_contracts" time="1.394" /><testcase classname="tests.test_day12_email_notifications.TestContractsEmailWiring" name="test_08_create_and_send_contract" time="1.897" /><testcase classname="tests.test_day12_email_notifications.TestQuotesEmailWiring" name="test_09_create_quote_for_email_test" time="1.787" /><testcase classname="tests.test_day12_email_notifications.TestQuotesEmailWiring" name="test_10_send_quote_triggers_email" time="1.119" /><testcase classname="tests.test_day12_email_notifications.TestQuotesEmailWiring" name="test_11_get_quote_token_for_public_tests" time="1.499" /><testcase classname="tests.test_day12_email_notifications.TestPublicQuoteEmailWiring" name="test_12_public_quote_decline_triggers_email" time="4.405" /><testcase classname="tests.test_day12_email_notifications.TestEmailServiceGracefulHandling" name="test_13_verify_email_imports_compile" time="0.104" /><testcase classname="tests.test_day12_email_notifications.TestEmailServiceGracefulHandling" name="test_14_public_lead_submit_triggers_auto_response" time="0.655" /><testcase classname="tests.test_day12_email_notifications.TestSequenceEngineEmailWiring" name="test_15_verify_sequence_engine_import" time="0.107" /><testcase classname="tests.test_day12_email_notifications.TestCleanup" name="test_99_cleanup_test_leads" time="0.856" /></testsuite></testsuites>