<?xml version="1.0" encoding="utf-8"?><testsuites name="pytest tests"><testsuite name="pytest" errors="0" failures="0" skipped="0" tests="12" time="31.576" timestamp="2026-03-06T12:28:35.927660+00:00" hostname="agent-env-d638742d-1546-4a91-b62b-42fa3bb7293d"><testcase classname="backend.tests.test_demo_project.TestDemoProjectFeature" name="test_signup_returns_201" time="0.834" /><testcase classname="backend.tests.test_demo_project.TestDemoProjectFeature" name="test_new_user_gets_demo_lead" time="4.435" /><testcase classname="backend.tests.test_demo_project.TestDemoProjectFeature" name="test_demo_lead_has_correct_fields" time="4.410" /><testcase classname="backend.tests.test_demo_project.TestDemoProjectFeature" name="test_leads_response_includes_isDemoData_field" time="0.615" /><testcase classname="backend.tests.test_demo_project.TestDemoProjectFeature" name="test_existing_user_leads_not_demo" time="0.635" /><testcase classname="backend.tests.test_demo_project.TestDemoProjectFeature" name="test_demo_lead_can_be_deleted" time="5.073" /><testcase classname="backend.tests.test_demo_project.TestDemoQuoteCreation" name="test_demo_quote_exists" time="4.479" /><testcase classname="backend.tests.test_demo_project.TestDemoQuoteCreation" name="test_demo_quote_line_items" time="4.067" /><testcase classname="backend.tests.test_demo_project.TestDemoActivityAndInteraction" name="test_demo_activity_created" time="6.041" /><testcase classname="backend.tests.test_demo_project.TestExistingUserNoDemoCreation" name="test_signup_existing_email_fails" time="0.228" /><testcase classname="backend.tests.test_demo_project.TestHealthCheck" name="test_api_accessible" time="0.109" /><testcase classname="backend.tests.test_demo_project.TestHealthCheck" name="test_auth_login_works" time="0.564" /></testsuite></testsuites>