<?xml version="1.0" encoding="utf-8"?><testsuites name="pytest tests"><testsuite name="pytest" errors="0" failures="0" skipped="0" tests="13" time="11.864" timestamp="2026-03-10T22:27:43.075418+00:00" hostname="agent-env-76120ea6-7132-431e-97ea-c622d849c4c0"><testcase classname="tests.test_email_tracking.TestTrackingPixelEndpoint" name="test_tracking_pixel_returns_png_with_valid_id" time="2.306" /><testcase classname="tests.test_email_tracking.TestTrackingPixelEndpoint" name="test_tracking_pixel_invalid_id_still_returns_pixel" time="0.973" /><testcase classname="tests.test_email_tracking.TestTrackingPixelEndpoint" name="test_tracking_pixel_no_auth_required" time="0.391" /><testcase classname="tests.test_email_tracking.TestTrackingOpenBehavior" name="test_tracking_pixel_opens_increment" time="0.671" /><testcase classname="tests.test_email_tracking.TestSequencesDashboardOpenRates" name="test_dashboard_returns_open_rates_per_step" time="0.997" /><testcase classname="tests.test_email_tracking.TestSequencesDashboardOpenRates" name="test_dashboard_returns_average_open_rate" time="1.040" /><testcase classname="tests.test_email_tracking.TestSequencesDashboardOpenRates" name="test_open_rate_null_when_no_tracking_data" time="1.027" /><testcase classname="tests.test_email_tracking.TestSequencesDashboardStats" name="test_dashboard_stats_returns_required_fields" time="0.571" /><testcase classname="tests.test_email_tracking.TestExistingEndpointsStillWork" name="test_crm_revenue_still_works" time="1.920" /><testcase classname="tests.test_email_tracking.TestExistingEndpointsStillWork" name="test_analytics_revenue_pipeline_still_works" time="0.684" /><testcase classname="tests.test_email_tracking.TestExistingEndpointsStillWork" name="test_portal_views_still_increment" time="0.946" /><testcase classname="tests.test_email_tracking.TestAuthenticationRequired" name="test_dashboard_requires_auth" time="0.154" /><testcase classname="tests.test_email_tracking.TestAuthenticationRequired" name="test_dashboard_stats_requires_auth" time="0.105" /></testsuite></testsuites>