<?xml version="1.0" encoding="utf-8"?><testsuites name="pytest tests"><testsuite name="pytest" errors="0" failures="0" skipped="0" tests="14" time="7.083" timestamp="2026-03-19T20:14:35.758535+00:00" hostname="agent-env-0f5b1c75-3599-42a7-bcb2-8eb346efd1f9"><testcase classname="test_email_redesign_iteration78.TestHealthAndAuth" name="test_api_health_check" time="0.135" /><testcase classname="test_email_redesign_iteration78.TestHealthAndAuth" name="test_login_endpoint" time="0.532" /><testcase classname="test_email_redesign_iteration78.TestHealthAndAuth" name="test_signup_endpoint_validation" time="0.279" /><testcase classname="test_email_redesign_iteration78.TestMeetingBookingAPIs" name="test_get_meeting_types" time="0.666" /><testcase classname="test_email_redesign_iteration78.TestMeetingBookingAPIs" name="test_get_availability" time="0.666" /><testcase classname="test_email_redesign_iteration78.TestMeetingBookingAPIs" name="test_public_booking_page_data" time="0.739" /><testcase classname="test_email_redesign_iteration78.TestMeetingBookingAPIs" name="test_meeting_booking_triggers_email_code_path" time="0.521" /><testcase classname="test_email_redesign_iteration78.TestOtherAPIs" name="test_leads_api" time="0.646" /><testcase classname="test_email_redesign_iteration78.TestOtherAPIs" name="test_settings_api" time="0.636" /><testcase classname="test_email_redesign_iteration78.TestOtherAPIs" name="test_analytics_api" time="0.557" /><testcase classname="test_email_redesign_iteration78.TestOtherAPIs" name="test_quotes_templates_api" time="0.668" /><testcase classname="test_email_redesign_iteration78.TestOtherAPIs" name="test_portfolio_api" time="0.630" /><testcase classname="test_email_redesign_iteration78.TestEmailDesignSystemIntegration" name="test_backend_compiles_with_email_design_system" time="0.106" /><testcase classname="test_email_redesign_iteration78.TestEmailDesignSystemIntegration" name="test_email_service_loaded" time="0.234" /></testsuite></testsuites>