<?xml version="1.0" encoding="utf-8"?><testsuites name="pytest tests"><testsuite name="pytest" errors="0" failures="0" skipped="2" tests="8" time="5.881" timestamp="2026-03-05T19:25:06.099010+00:00" hostname="agent-env-beac6e6e-64c7-48fd-94de-793a960d681a"><testcase classname="test_reports.pytest.email_verification_tests.TestEmailVerificationBackend" name="test_01_me_endpoint_includes_email_verified" time="2.056" /><testcase classname="test_reports.pytest.email_verification_tests.TestEmailVerificationBackend" name="test_02_send_verification_success" time="0.841" /><testcase classname="test_reports.pytest.email_verification_tests.TestEmailVerificationBackend" name="test_03_send_verification_rate_limit" time="0.564" /><testcase classname="test_reports.pytest.email_verification_tests.TestEmailVerificationBackend" name="test_04_verify_email_invalid_token" time="0.357" /><testcase classname="test_reports.pytest.email_verification_tests.TestEmailVerificationBackend" name="test_05_send_verification_when_already_verified" time="0.233"><skipped type="pytest.skip" message="User is not verified yet - test for 'already verified' error not applicable">/app/test_reports/pytest/email_verification_tests.py:134: User is not verified yet - test for 'already verified' error not applicable</skipped></testcase><testcase classname="test_reports.pytest.email_verification_tests.TestEmailVerificationBackend" name="test_06_verify_email_valid_token" time="1.362"><skipped type="pytest.skip" message="Rate limited - cannot get new token for testing">/app/test_reports/pytest/email_verification_tests.py:162: Rate limited - cannot get new token for testing</skipped></testcase><testcase classname="test_reports.pytest.email_verification_tests.TestEmailVerificationWithoutAuth" name="test_send_verification_requires_auth" time="0.130" /><testcase classname="test_reports.pytest.email_verification_tests.TestEmailVerificationWithoutAuth" name="test_verify_email_is_public" time="0.220" /></testsuite></testsuites>