<?xml version="1.0" encoding="utf-8"?><testsuites name="pytest tests"><testsuite name="pytest" errors="0" failures="1" skipped="2" tests="11" time="1.634" timestamp="2026-03-15T14:10:35.457922+00:00" hostname="agent-env-164f80a2-f8bf-46f8-baf1-aa635a471777"><testcase classname="tests.test_email_light_theme.TestEmailTemplateVerification" name="test_health_check" time="0.192" /><testcase classname="tests.test_email_light_theme.TestEmailTemplateVerification" name="test_auth_login" time="0.525"><failure message="assert 401 == 200&#10; +  where 401 = &lt;Response [401]&gt;.status_code">tests/test_email_light_theme.py:28: in test_auth_login
    assert response.status_code == 200
E   assert 401 == 200
E    +  where 401 = &lt;Response [401]&gt;.status_code</failure></testcase><testcase classname="tests.test_email_light_theme.TestEmailTemplateVerification" name="test_email_ts_no_dark_backgrounds" time="0.001" /><testcase classname="tests.test_email_light_theme.TestEmailTemplateVerification" name="test_email_ts_tagline_updated" time="0.000" /><testcase classname="tests.test_email_light_theme.TestEmailTemplateVerification" name="test_email_ts_get_email_template_light_theme" time="0.000" /><testcase classname="tests.test_email_light_theme.TestEmailTemplateVerification" name="test_send_contract_agreed_uses_template" time="0.000" /><testcase classname="tests.test_email_light_theme.TestEmailTemplateVerification" name="test_all_email_functions_use_template" time="0.000" /><testcase classname="tests.test_email_light_theme.TestAPIEndpoints" name="test_health_endpoint" time="0.145" /><testcase classname="tests.test_email_light_theme.TestAPIEndpoints" name="test_signup_endpoint_exists" time="0.109" /><testcase classname="tests.test_email_light_theme.TestAPIEndpoints" name="test_get_quotes_endpoint" time="0.234"><skipped type="pytest.skip" message="Authentication failed">/app/kolor-studio-v2/backend/tests/test_email_light_theme.py:176: Authentication failed</skipped></testcase><testcase classname="tests.test_email_light_theme.TestAPIEndpoints" name="test_get_contracts_endpoint" time="0.248"><skipped type="pytest.skip" message="Authentication failed">/app/kolor-studio-v2/backend/tests/test_email_light_theme.py:183: Authentication failed</skipped></testcase></testsuite></testsuites>