<?xml version="1.0" encoding="utf-8"?><testsuites name="pytest tests"><testsuite name="pytest" errors="0" failures="0" skipped="0" tests="27" time="38.120" timestamp="2026-03-06T13:45:36.213923+00:00" hostname="agent-env-d638742d-1546-4a91-b62b-42fa3bb7293d"><testcase classname="backend.tests.test_email_sequences.TestSequenceListAndGet" name="test_list_sequences" time="1.327" /><testcase classname="backend.tests.test_email_sequences.TestSequenceListAndGet" name="test_get_sequence_detail" time="0.547" /><testcase classname="backend.tests.test_email_sequences.TestSequenceListAndGet" name="test_get_sequence_not_found" time="0.218" /><testcase classname="backend.tests.test_email_sequences.TestSequenceCRUD" name="test_create_sequence" time="0.883" /><testcase classname="backend.tests.test_email_sequences.TestSequenceCRUD" name="test_create_sequence_validation" time="0.229" /><testcase classname="backend.tests.test_email_sequences.TestSequenceCRUD" name="test_update_sequence" time="0.889" /><testcase classname="backend.tests.test_email_sequences.TestSequenceCRUD" name="test_delete_sequence" time="0.659" /><testcase classname="backend.tests.test_email_sequences.TestStepCRUD" name="test_add_step_to_sequence" time="1.115" /><testcase classname="backend.tests.test_email_sequences.TestStepCRUD" name="test_update_step" time="0.758" /><testcase classname="backend.tests.test_email_sequences.TestStepCRUD" name="test_delete_step" time="0.546" /><testcase classname="backend.tests.test_email_sequences.TestStepCRUD" name="test_cleanup_sequence" time="0.342" /><testcase classname="backend.tests.test_email_sequences.TestEnrollmentManagement" name="test_manual_enrollment_preparation" time="0.860" /><testcase classname="backend.tests.test_email_sequences.TestEnrollmentManagement" name="test_manual_enroll_lead" time="0.694" /><testcase classname="backend.tests.test_email_sequences.TestEnrollmentManagement" name="test_duplicate_enrollment_prevention" time="0.540" /><testcase classname="backend.tests.test_email_sequences.TestEnrollmentManagement" name="test_stop_enrollment" time="0.456" /><testcase classname="backend.tests.test_email_sequences.TestEnrollmentManagement" name="test_cleanup_enrollment_sequence" time="0.339" /><testcase classname="backend.tests.test_email_sequences.TestAutoEnrollmentQuoteSend" name="test_create_lead_for_auto_enroll" time="2.251" /><testcase classname="backend.tests.test_email_sequences.TestAutoEnrollmentQuoteSend" name="test_create_and_send_quote_triggers_enrollment" time="5.873" /><testcase classname="backend.tests.test_email_sequences.TestAutoEnrollmentQuoteSend" name="test_cleanup_auto_enroll_test_data" time="0.583" /><testcase classname="backend.tests.test_email_sequences.TestAutoStopQuoteAccept" name="test_setup_for_auto_stop" time="4.166" /><testcase classname="backend.tests.test_email_sequences.TestAutoStopQuoteAccept" name="test_quote_accept_stops_enrollments" time="3.447" /><testcase classname="backend.tests.test_email_sequences.TestAutoStopQuoteAccept" name="test_cleanup_auto_stop_test_data" time="0.752" /><testcase classname="backend.tests.test_email_sequences.TestAutoStopPortalMessage" name="test_setup_for_portal_auto_stop" time="1.410" /><testcase classname="backend.tests.test_email_sequences.TestAutoStopPortalMessage" name="test_portal_message_stops_enrollments" time="3.418" /><testcase classname="backend.tests.test_email_sequences.TestAutoStopPortalMessage" name="test_cleanup_portal_auto_stop_data" time="0.432" /><testcase classname="backend.tests.test_email_sequences.TestNewUserSignupSeedSequence" name="test_signup_creates_default_sequence" time="3.782" /><testcase classname="backend.tests.test_email_sequences.TestAuthIsolation" name="test_cannot_access_other_users_sequence" time="1.493" /></testsuite></testsuites>