<?xml version="1.0" encoding="utf-8"?><testsuites name="pytest tests"><testsuite name="pytest" errors="0" failures="0" skipped="0" tests="16" time="18.153" timestamp="2026-02-21T01:10:23.623438+00:00" hostname="agent-env-1c9dc939-3637-4257-8af3-ee3a34d207f9"><testcase classname="test_files.TestFileEndpointsAuth" name="test_get_files_requires_auth" time="1.587" /><testcase classname="test_files.TestFileEndpointsAuth" name="test_upload_files_requires_auth" time="0.129" /><testcase classname="test_files.TestFileEndpointsAuth" name="test_delete_file_requires_auth" time="0.116" /><testcase classname="test_files.TestFileEndpointsAuth" name="test_download_file_requires_auth" time="0.147" /><testcase classname="test_files.TestGetFiles" name="test_get_files_success" time="0.908" /><testcase classname="test_files.TestGetFiles" name="test_get_files_invalid_lead" time="0.229" /><testcase classname="test_files.TestFileUpload" name="test_upload_text_file" time="1.276" /><testcase classname="test_files.TestFileUpload" name="test_upload_multiple_files" time="1.792" /><testcase classname="test_files.TestFileUpload" name="test_upload_no_files" time="0.128" /><testcase classname="test_files.TestFileUpload" name="test_upload_to_invalid_lead" time="0.219" /><testcase classname="test_files.TestFileActivityLogging" name="test_file_upload_logs_activity" time="1.746" /><testcase classname="test_files.TestFileDownload" name="test_download_url_for_existing_file" time="1.604" /><testcase classname="test_files.TestFileDownload" name="test_download_invalid_file" time="0.252" /><testcase classname="test_files.TestFileDelete" name="test_delete_file_success" time="2.191" /><testcase classname="test_files.TestFileDelete" name="test_delete_invalid_file" time="0.228" /><testcase classname="test_files.TestCleanup" name="test_cleanup_test_files" time="5.532" /></testsuite></testsuites>