<?xml version="1.0" encoding="utf-8"?><testsuites name="pytest tests"><testsuite name="pytest" errors="0" failures="0" skipped="0" tests="18" time="22.447" timestamp="2026-03-19T22:19:16.078868+00:00" hostname="agent-env-cc2ad541-a971-426d-a334-dade7c52fd31"><testcase classname="tests.test_file_upload_notifications.TestHealthCheck" name="test_api_health_check" time="0.118" /><testcase classname="tests.test_file_upload_notifications.TestAuthentication" name="test_login_success" time="0.420" /><testcase classname="tests.test_file_upload_notifications.TestGetFilesNewFields" name="test_get_files_returns_new_fields" time="1.295" /><testcase classname="tests.test_file_upload_notifications.TestFileAutoCategorization" name="test_contract_file_categorized_as_legal" time="2.808" /><testcase classname="tests.test_file_upload_notifications.TestFileAutoCategorization" name="test_invoice_file_categorized_as_payment" time="2.098" /><testcase classname="tests.test_file_upload_notifications.TestFileAutoCategorization" name="test_mood_file_categorized_as_reference" time="1.778" /><testcase classname="tests.test_file_upload_notifications.TestFileAutoCategorization" name="test_final_file_categorized_as_deliverable" time="1.767" /><testcase classname="tests.test_file_upload_notifications.TestFileAutoCategorization" name="test_notes_file_categorized_as_other" time="2.081" /><testcase classname="tests.test_file_upload_notifications.TestFileCommentsAPI" name="test_get_comments_returns_array" time="1.166" /><testcase classname="tests.test_file_upload_notifications.TestFileCommentsAPI" name="test_create_comment_returns_comment_object" time="1.823" /><testcase classname="tests.test_file_upload_notifications.TestFileCommentsAPI" name="test_delete_comment" time="1.309" /><testcase classname="tests.test_file_upload_notifications.TestFileCategoryPatch" name="test_update_category_valid" time="1.503" /><testcase classname="tests.test_file_upload_notifications.TestFileCategoryPatch" name="test_update_category_invalid_returns_400" time="0.119" /><testcase classname="tests.test_file_upload_notifications.TestFileReviewPatch" name="test_update_review_status_valid" time="1.582" /><testcase classname="tests.test_file_upload_notifications.TestFileReviewPatch" name="test_update_review_needs_changes" time="0.928" /><testcase classname="tests.test_file_upload_notifications.TestFileReviewPatch" name="test_update_review_invalid_returns_400" time="0.122" /><testcase classname="tests.test_file_upload_notifications.TestAccessControl" name="test_comments_403_for_non_owner" time="0.901" /><testcase classname="tests.test_file_upload_notifications.TestFileUploadValidation" name="test_upload_no_files_returns_400" time="0.568" /></testsuite></testsuites>