<?xml version="1.0" encoding="utf-8"?><testsuites name="pytest tests"><testsuite name="pytest" errors="0" failures="0" skipped="0" tests="12" time="9.267" timestamp="2026-03-05T20:50:04.628372+00:00" hostname="agent-env-beac6e6e-64c7-48fd-94de-793a960d681a"><testcase classname="backend.tests.test_file_sharing.TestFileSharing" name="test_toggle_share_on" time="1.169" /><testcase classname="backend.tests.test_file_sharing.TestFileSharing" name="test_toggle_share_off" time="0.807" /><testcase classname="backend.tests.test_file_sharing.TestFileSharing" name="test_toggle_share_back_on" time="0.804" /><testcase classname="backend.tests.test_file_sharing.TestFileSharing" name="test_toggle_share_requires_auth" time="0.531" /><testcase classname="backend.tests.test_file_sharing.TestFileSharing" name="test_toggle_share_not_found" time="0.578" /><testcase classname="backend.tests.test_file_sharing.TestTrackDownload" name="test_track_download" time="0.330" /><testcase classname="backend.tests.test_file_sharing.TestTrackDownload" name="test_track_download_invalid_file" time="0.248" /><testcase classname="backend.tests.test_file_sharing.TestPortalSharedFiles" name="test_portal_includes_shared_files_only" time="0.825" /><testcase classname="backend.tests.test_file_sharing.TestPortalSharedFiles" name="test_portal_invalid_token" time="0.265" /><testcase classname="backend.tests.test_file_sharing.TestPortalFileDownload" name="test_download_shared_file" time="1.560" /><testcase classname="backend.tests.test_file_sharing.TestPortalFileDownload" name="test_download_nonshared_file_404" time="1.632" /><testcase classname="backend.tests.test_file_sharing.TestPortalFileDownload" name="test_download_invalid_file_404" time="0.407" /></testsuite></testsuites>