<?xml version="1.0" encoding="utf-8"?><testsuites name="pytest tests"><testsuite name="pytest" errors="0" failures="0" skipped="0" tests="7" time="2.083" timestamp="2026-03-21T14:05:28.529339+00:00" hostname="agent-env-3c334bfa-29a4-49e5-9e13-c7a95b0b4136"><testcase classname="backend.tests.test_google_calendar_widget.TestGoogleCalendarStatus" name="test_status_requires_auth" time="0.147" /><testcase classname="backend.tests.test_google_calendar_widget.TestGoogleCalendarStatus" name="test_status_returns_connection_info" time="0.795" /><testcase classname="backend.tests.test_google_calendar_widget.TestGoogleCalendarAuthUrl" name="test_auth_url_requires_auth" time="0.122" /><testcase classname="backend.tests.test_google_calendar_widget.TestGoogleCalendarAuthUrl" name="test_auth_url_returns_valid_url" time="0.096" /><testcase classname="backend.tests.test_google_calendar_widget.TestGoogleCalendarDisconnect" name="test_disconnect_requires_auth" time="0.098" /><testcase classname="backend.tests.test_google_calendar_widget.TestGoogleCalendarDisconnect" name="test_disconnect_returns_success" time="0.362" /><testcase classname="backend.tests.test_google_calendar_widget.TestCalendarWidgetIntegration" name="test_full_widget_flow" time="0.362" /></testsuite></testsuites>