<?xml version="1.0" encoding="utf-8"?><testsuites name="pytest tests"><testsuite name="pytest" errors="0" failures="0" skipped="0" tests="14" time="6.255" timestamp="2026-03-20T10:52:33.473107+00:00" hostname="agent-env-cc2ad541-a971-426d-a334-dade7c52fd31"><testcase classname="tests.test_google_calendar_api.TestHealthCheck" name="test_api_health" time="0.316" /><testcase classname="tests.test_google_calendar_api.TestAuthentication" name="test_login_success" time="0.633" /><testcase classname="tests.test_google_calendar_api.TestGoogleCalendarAuthUrl" name="test_auth_url_requires_authorization" time="0.135" /><testcase classname="tests.test_google_calendar_api.TestGoogleCalendarAuthUrl" name="test_auth_url_returns_valid_url" time="0.549" /><testcase classname="tests.test_google_calendar_api.TestGoogleCalendarStatus" name="test_status_requires_authorization" time="0.131" /><testcase classname="tests.test_google_calendar_api.TestGoogleCalendarStatus" name="test_status_returns_connection_state" time="0.701" /><testcase classname="tests.test_google_calendar_api.TestGoogleCalendarDisconnect" name="test_disconnect_requires_authorization" time="0.100" /><testcase classname="tests.test_google_calendar_api.TestGoogleCalendarDisconnect" name="test_disconnect_returns_success" time="0.731" /><testcase classname="tests.test_google_calendar_api.TestGoogleCalendarCallback" name="test_callback_missing_params_returns_400" time="0.107" /><testcase classname="tests.test_google_calendar_api.TestGoogleCalendarCallback" name="test_callback_missing_code_returns_400" time="0.102" /><testcase classname="tests.test_google_calendar_api.TestGoogleCalendarCallback" name="test_callback_missing_state_returns_400" time="0.102" /><testcase classname="tests.test_google_calendar_api.TestMeetingBookingCalendarEventId" name="test_meeting_bookings_list_includes_calendar_event_id" time="1.004" /><testcase classname="tests.test_google_calendar_api.TestEndToEndIntegrationCheck" name="test_meeting_types_endpoint_works" time="0.753" /><testcase classname="tests.test_google_calendar_api.TestEndToEndIntegrationCheck" name="test_availability_endpoint_works" time="0.779" /></testsuite></testsuites>