<?xml version="1.0" encoding="utf-8"?><testsuites name="pytest tests"><testsuite name="pytest" errors="0" failures="0" skipped="0" tests="10" time="5.280" timestamp="2026-03-22T15:03:29.888475+00:00" hostname="agent-env-883fc7bc-a6b3-40f8-8d2d-f6dd3671eaca"><testcase classname="backend.tests.test_httponly_cookie_auth.TestHTTPOnlyCookieAuth" name="test_login_sets_httponly_cookie" time="1.052" /><testcase classname="backend.tests.test_httponly_cookie_auth.TestHTTPOnlyCookieAuth" name="test_auth_me_with_cookie" time="0.751" /><testcase classname="backend.tests.test_httponly_cookie_auth.TestHTTPOnlyCookieAuth" name="test_auth_me_without_cookie_returns_401" time="0.134" /><testcase classname="backend.tests.test_httponly_cookie_auth.TestHTTPOnlyCookieAuth" name="test_protected_route_without_cookie_returns_401" time="0.113" /><testcase classname="backend.tests.test_httponly_cookie_auth.TestHTTPOnlyCookieAuth" name="test_protected_route_with_cookie_works" time="0.571" /><testcase classname="backend.tests.test_httponly_cookie_auth.TestHTTPOnlyCookieAuth" name="test_logout_clears_cookie" time="0.624" /><testcase classname="backend.tests.test_httponly_cookie_auth.TestHTTPOnlyCookieAuth" name="test_after_logout_auth_me_returns_401" time="0.532" /><testcase classname="backend.tests.test_httponly_cookie_auth.TestHTTPOnlyCookieAuth" name="test_bearer_token_fallback_still_works" time="0.643" /><testcase classname="backend.tests.test_httponly_cookie_auth.TestHTTPOnlyCookieAuth" name="test_invalid_credentials_returns_401" time="0.300" /><testcase classname="backend.tests.test_httponly_cookie_auth.TestCookieSecurityAttributes" name="test_cookie_has_correct_attributes" time="0.447" /></testsuite></testsuites>