<?xml version="1.0" encoding="utf-8"?><testsuites name="pytest tests"><testsuite name="pytest" errors="0" failures="0" skipped="0" tests="7" time="20.224" timestamp="2026-03-06T14:15:16.858729+00:00" hostname="agent-env-74af7a87-854a-4c5b-9125-d3b4c0109a80"><testcase classname="backend.tests.test_industry_specific_content.TestHealthEndpoint" name="test_health_returns_200" time="0.250" /><testcase classname="backend.tests.test_industry_specific_content.TestExistingUserRegression" name="test_existing_user_login" time="0.521" /><testcase classname="backend.tests.test_industry_specific_content.TestExistingUserRegression" name="test_sequences_api_accessible" time="0.591" /><testcase classname="backend.tests.test_industry_specific_content.TestSignupNoDemo" name="test_signup_only_no_demo" time="1.369" /><testcase classname="backend.tests.test_industry_specific_content.TestIndustryPhotography" name="test_photography_signup_and_onboard" time="5.797" /><testcase classname="backend.tests.test_industry_specific_content.TestIndustryFineArt" name="test_fine_art_signup_and_onboard" time="5.838" /><testcase classname="backend.tests.test_industry_specific_content.TestIndustryGraphicDesign" name="test_graphic_design_signup_and_onboard" time="5.787" /></testsuite></testsuites>