<?xml version="1.0" encoding="utf-8"?><testsuites name="pytest tests"><testsuite name="pytest" errors="0" failures="0" skipped="0" tests="5" time="4.225" timestamp="2026-03-05T09:40:30.779892+00:00" hostname="agent-env-7d297365-8e23-458a-9c29-3f7965c71be4"><testcase classname="tests.test_industry_widgets_api.TestAuthMeEndpoint" name="test_auth_me_returns_primary_industry" time="0.788" /><testcase classname="tests.test_industry_widgets_api.TestLeadsStatsEndpoint" name="test_leads_stats_returns_status_counts" time="0.448" /><testcase classname="tests.test_industry_widgets_api.TestLeadsListEndpoint" name="test_leads_list_returns_leads" time="0.252" /><testcase classname="tests.test_industry_widgets_api.TestBookingsEndpoint" name="test_bookings_list_with_date_range" time="0.552" /><testcase classname="tests.test_industry_widgets_api.TestQuotesEndpoint" name="test_quotes_endpoint_exists" time="2.055" /></testsuite></testsuites>