<?xml version="1.0" encoding="utf-8"?><testsuites name="pytest tests"><testsuite name="pytest" errors="0" failures="0" skipped="0" tests="14" time="15.423" timestamp="2026-04-01T10:11:14.752311+00:00" hostname="agent-env-18ae5035-910d-4a1a-9acf-52e28735e40f"><testcase classname="tests.test_iteration_110_automation_workstreams.TestHealthAndAuth" name="test_health_endpoint" time="0.121" /><testcase classname="tests.test_iteration_110_automation_workstreams.TestHealthAndAuth" name="test_login_success" time="0.497" /><testcase classname="tests.test_iteration_110_automation_workstreams.TestUnsubscribeEndpoint" name="test_unsubscribe_invalid_short_token" time="0.094" /><testcase classname="tests.test_iteration_110_automation_workstreams.TestUnsubscribeEndpoint" name="test_unsubscribe_invalid_empty_token" time="0.107" /><testcase classname="tests.test_iteration_110_automation_workstreams.TestUnsubscribeEndpoint" name="test_unsubscribe_nonexistent_valid_length_token" time="0.420" /><testcase classname="tests.test_iteration_110_automation_workstreams.TestUnsubscribeEndpoint" name="test_unsubscribe_returns_html" time="0.412" /><testcase classname="tests.test_iteration_110_automation_workstreams.TestDiscoveryCallQuoteReminder" name="test_discovery_call_completed_schedules_quote_reminder" time="2.488" /><testcase classname="tests.test_iteration_110_automation_workstreams.TestDiscoveryCallQuoteReminder" name="test_discovery_call_scheduled_flag" time="2.038" /><testcase classname="tests.test_iteration_110_automation_workstreams.TestAutoStopOnboardingOnLost" name="test_status_change_to_lost_via_status_endpoint" time="2.217" /><testcase classname="tests.test_iteration_110_automation_workstreams.TestAutoStopOnboardingOnLost" name="test_status_change_to_lost_via_patch_endpoint" time="1.610" /><testcase classname="tests.test_iteration_110_automation_workstreams.TestAutoStopOnboardingOnLost" name="test_lost_status_sets_lostAt_timestamp" time="1.697" /><testcase classname="tests.test_iteration_110_automation_workstreams.TestLeadStatusValidation" name="test_invalid_status_rejected" time="1.430" /><testcase classname="tests.test_iteration_110_automation_workstreams.TestLeadStatusValidation" name="test_booked_status_sets_convertedAt" time="1.810" /><testcase classname="tests.test_iteration_110_automation_workstreams.TestUnsubscribeWithRealEnrollment" name="test_unsubscribe_endpoint_structure" time="0.415" /></testsuite></testsuites>