<?xml version="1.0" encoding="utf-8"?><testsuites name="pytest tests"><testsuite name="pytest" errors="0" failures="0" skipped="0" tests="7" time="5.658" timestamp="2026-03-27T20:21:46.997153+00:00" hostname="agent-env-18ae5035-910d-4a1a-9acf-52e28735e40f"><testcase classname="backend.tests.test_iteration_101.TestAuthSignupWithIndustry" name="test_signup_with_design_industry" time="1.196" /><testcase classname="backend.tests.test_iteration_101.TestAuthSignupWithIndustry" name="test_signup_with_photography_industry" time="0.640" /><testcase classname="backend.tests.test_iteration_101.TestAuthSignupWithIndustry" name="test_signup_with_fine_art_industry" time="0.794" /><testcase classname="backend.tests.test_iteration_101.TestAuthSignupWithIndustry" name="test_signup_without_industry_defaults_to_photography" time="0.682" /><testcase classname="backend.tests.test_iteration_101.TestAuthLoginReturnsIndustry" name="test_login_returns_industry_field" time="0.524" /><testcase classname="backend.tests.test_iteration_101.TestAuthMeReturnsIndustryFields" name="test_me_returns_industry_fields" time="0.616" /><testcase classname="backend.tests.test_iteration_101.TestActivitiesRecentEndpoint" name="test_activities_recent_returns_data" time="1.147" /></testsuite></testsuites>