<?xml version="1.0" encoding="utf-8"?><testsuites name="pytest tests"><testsuite name="pytest" errors="0" failures="0" skipped="0" tests="13" time="15.772" timestamp="2026-04-24T18:19:20.798271+00:00" hostname="agent-env-18ae5035-910d-4a1a-9acf-52e28735e40f"><testcase classname="backend.tests.test_iteration_153.TestHealthAndAuth" name="test_health_check" time="0.214" /><testcase classname="backend.tests.test_iteration_153.TestHealthAndAuth" name="test_login_success" time="1.418" /><testcase classname="backend.tests.test_iteration_153.TestDigestPreview" name="test_digest_send_unauthenticated" time="0.183" /><testcase classname="backend.tests.test_iteration_153.TestDigestPreview" name="test_digest_send_authenticated" time="3.519" /><testcase classname="backend.tests.test_iteration_153.TestSharedContractTemplates" name="test_contract_templates_list" time="0.616" /><testcase classname="backend.tests.test_iteration_153.TestSharedContractTemplates" name="test_contract_templates_by_industry" time="0.565" /><testcase classname="backend.tests.test_iteration_153.TestForgotPasswordRateLimit" name="test_forgot_password_rate_limit" time="4.803" /><testcase classname="backend.tests.test_iteration_153.TestForgotPasswordRateLimit" name="test_forgot_password_validation" time="0.140" /><testcase classname="backend.tests.test_iteration_153.TestAuthCleanup" name="test_reset_password_clears_rate_limit" time="0.367" /><testcase classname="backend.tests.test_iteration_153.TestRegressionChecks" name="test_settings_endpoint" time="0.800" /><testcase classname="backend.tests.test_iteration_153.TestRegressionChecks" name="test_leads_endpoint" time="0.795" /><testcase classname="backend.tests.test_iteration_153.TestRegressionChecks" name="test_quotes_all_endpoint" time="1.199" /><testcase classname="backend.tests.test_iteration_153.TestRegressionChecks" name="test_contracts_all_endpoint" time="1.016" /></testsuite></testsuites>