<?xml version="1.0" encoding="utf-8"?><testsuites name="pytest tests"><testsuite name="pytest" errors="0" failures="0" skipped="0" tests="15" time="16.887" timestamp="2026-03-21T21:40:05.962031+00:00" hostname="agent-env-3c334bfa-29a4-49e5-9e13-c7a95b0b4136"><testcase classname="backend.tests.test_iteration_85.TestGoogleCalendarConfigCheck" name="test_config_check_requires_auth" time="0.263" /><testcase classname="backend.tests.test_iteration_85.TestGoogleCalendarConfigCheck" name="test_config_check_returns_configured_status" time="0.918" /><testcase classname="backend.tests.test_iteration_85.TestGoogleCalendarConfigCheck" name="test_auth_url_returns_valid_url" time="0.112" /><testcase classname="backend.tests.test_iteration_85.TestEmailVerification" name="test_verify_email_invalid_token" time="0.409" /><testcase classname="backend.tests.test_iteration_85.TestEmailVerification" name="test_verify_email_short_token" time="0.110" /><testcase classname="backend.tests.test_iteration_85.TestEmailVerification" name="test_verify_email_expired_token" time="0.224" /><testcase classname="backend.tests.test_iteration_85.TestDiscoveryCallWorkflow" name="test_schedule_discovery_call" time="2.962" /><testcase classname="backend.tests.test_iteration_85.TestDiscoveryCallWorkflow" name="test_complete_discovery_call" time="1.846" /><testcase classname="backend.tests.test_iteration_85.TestServiceTypes" name="test_create_lead_with_fine_art" time="2.183" /><testcase classname="backend.tests.test_iteration_85.TestServiceTypes" name="test_create_lead_with_illustration" time="0.775" /><testcase classname="backend.tests.test_iteration_85.TestLeadsAPI" name="test_get_leads" time="0.760" /><testcase classname="backend.tests.test_iteration_85.TestLeadsAPI" name="test_get_lead_stats" time="0.452" /><testcase classname="backend.tests.test_iteration_85.TestPortalAPI" name="test_get_lead_with_portal_token" time="2.281" /><testcase classname="backend.tests.test_iteration_85.TestPublicInquirySubmission" name="test_submit_inquiry_with_fine_art" time="2.314" /><testcase classname="backend.tests.test_iteration_85.TestPublicInquirySubmission" name="test_submit_inquiry_with_illustration" time="1.065" /></testsuite></testsuites>