<?xml version="1.0" encoding="utf-8"?><testsuites name="pytest tests"><testsuite name="pytest" errors="0" failures="0" skipped="1" tests="13" time="5.794" timestamp="2026-03-30T17:59:14.064523+00:00" hostname="agent-env-18ae5035-910d-4a1a-9acf-52e28735e40f"><testcase classname="tests.test_iteration_106_settings.TestHealthEndpoint" name="test_health_endpoint_returns_ok" time="0.182" /><testcase classname="tests.test_iteration_106_settings.TestSettingsAPI" name="test_get_settings_returns_user_data" time="0.711" /><testcase classname="tests.test_iteration_106_settings.TestSettingsAPI" name="test_get_settings_returns_available_currencies" time="0.164" /><testcase classname="tests.test_iteration_106_settings.TestSettingsAPI" name="test_patch_settings_updates_notification_preferences" time="0.780" /><testcase classname="tests.test_iteration_106_settings.TestSettingsAPI" name="test_patch_settings_updates_stale_lead_email" time="0.621" /><testcase classname="tests.test_iteration_106_settings.TestSettingsAPI" name="test_patch_settings_updates_quote_nudge_email" time="0.593" /><testcase classname="tests.test_iteration_106_settings.TestSettingsAPI" name="test_patch_settings_updates_profile_fields" time="0.619" /><testcase classname="tests.test_iteration_106_settings.TestSettingsAPI" name="test_patch_settings_updates_business_name" time="0.600" /><testcase classname="tests.test_iteration_106_settings.TestSettingsAPI" name="test_patch_settings_updates_primary_industry" time="0.939" /><testcase classname="tests.test_iteration_106_settings.TestSettingsAPI" name="test_settings_requires_auth" time="0.137" /><testcase classname="tests.test_iteration_106_settings.TestAuthEndpoints" name="test_me_endpoint_returns_user" time="0.166" /><testcase classname="tests.test_iteration_106_settings.TestAuthEndpoints" name="test_change_password_endpoint_note" time="0.049"><skipped type="pytest.skip" message="Change password endpoint not implemented">/app/kolor-studio-v2/backend/tests/test_iteration_106_settings.py:254: Change password endpoint not implemented</skipped></testcase><testcase classname="tests.test_iteration_106_settings.TestCalendarStatus" name="test_calendar_status_endpoint" time="0.179" /></testsuite></testsuites>