<?xml version="1.0" encoding="utf-8"?><testsuites name="pytest tests"><testsuite name="pytest" errors="0" failures="0" skipped="0" tests="12" time="6.264" timestamp="2026-03-07T18:58:57.282805+00:00" hostname="agent-env-cd3074d9-3582-4207-8bdb-1df3b49d8beb"><testcase classname="tests.test_iteration49_prisma_schema.TestPrismaSchemaVerification" name="test_01_health_check" time="0.173" /><testcase classname="tests.test_iteration49_prisma_schema.TestPrismaSchemaVerification" name="test_02_login" time="0.473" /><testcase classname="tests.test_iteration49_prisma_schema.TestPrismaSchemaVerification" name="test_03_get_leads" time="0.180" /><testcase classname="tests.test_iteration49_prisma_schema.TestPrismaSchemaVerification" name="test_04_create_lead" time="0.281" /><testcase classname="tests.test_iteration49_prisma_schema.TestPrismaSchemaVerification" name="test_05_get_sequences" time="0.608" /><testcase classname="tests.test_iteration49_prisma_schema.TestPrismaSchemaVerification" name="test_06_get_brand_settings" time="0.177" /><testcase classname="tests.test_iteration49_prisma_schema.TestPrismaSchemaVerification" name="test_07_portal_submit" time="0.508" /><testcase classname="tests.test_iteration49_prisma_schema.TestPrismaSchemaVerification" name="test_08_get_lead_quotes" time="0.665" /><testcase classname="tests.test_iteration49_prisma_schema.TestPrismaSchemaVerification" name="test_09_get_bookings" time="0.719" /><testcase classname="tests.test_iteration49_prisma_schema.TestPrismaSchemaVerification" name="test_10_get_lead_activities" time="0.686" /><testcase classname="tests.test_iteration49_prisma_schema.TestPrismaSchemaVerification" name="test_11_additional_endpoints" time="0.688" /><testcase classname="tests.test_iteration49_prisma_schema.TestCleanup" name="test_cleanup_test_leads" time="1.039" /></testsuite></testsuites>