<?xml version="1.0" encoding="utf-8"?><testsuites name="pytest tests"><testsuite name="pytest" errors="0" failures="0" skipped="0" tests="10" time="7.431" timestamp="2026-03-31T21:20:38.538861+00:00" hostname="agent-env-18ae5035-910d-4a1a-9acf-52e28735e40f"><testcase classname="tests.test_iteration_109_brand_booking.TestBrandSettingsAPI" name="test_get_settings_returns_brand_fields" time="0.831" /><testcase classname="tests.test_iteration_109_brand_booking.TestBrandSettingsAPI" name="test_patch_settings_brand_primary_color" time="0.825" /><testcase classname="tests.test_iteration_109_brand_booking.TestBrandSettingsAPI" name="test_patch_settings_brand_accent_color" time="0.852" /><testcase classname="tests.test_iteration_109_brand_booking.TestBrandSettingsAPI" name="test_patch_settings_brand_font_family" time="0.838" /><testcase classname="tests.test_iteration_109_brand_booking.TestBrandSettingsAPI" name="test_patch_settings_brand_logo_url" time="0.820" /><testcase classname="tests.test_iteration_109_brand_booking.TestBrandSettingsAPI" name="test_patch_settings_multiple_brand_fields" time="0.825" /><testcase classname="tests.test_iteration_109_brand_booking.TestPublicBookingPageAPI" name="test_get_booking_page_data_returns_brand_fields" time="0.566" /><testcase classname="tests.test_iteration_109_brand_booking.TestPublicBookingPageAPI" name="test_get_booking_page_data_invalid_user" time="0.239" /><testcase classname="tests.test_iteration_109_brand_booking.TestBrandSettingsEndpoint" name="test_get_brand_settings" time="0.729" /><testcase classname="tests.test_iteration_109_brand_booking.TestBrandSettingsEndpoint" name="test_patch_brand_settings" time="0.857" /></testsuite></testsuites>