<?xml version="1.0" encoding="utf-8"?><testsuites name="pytest tests"><testsuite name="pytest" errors="0" failures="0" skipped="0" tests="15" time="23.272" timestamp="2026-04-03T19:55:20.496276+00:00" hostname="agent-env-18ae5035-910d-4a1a-9acf-52e28735e40f"><testcase classname="tests.test_iteration_111_automation_wiring.TestRegressionChecks" name="test_health_endpoint" time="0.195" /><testcase classname="tests.test_iteration_111_automation_wiring.TestRegressionChecks" name="test_login_success" time="0.426" /><testcase classname="tests.test_iteration_111_automation_wiring.TestTask2ContractAgreeTestimonialScheduling" name="test_contract_agree_schedules_testimonial_request" time="7.022" /><testcase classname="tests.test_iteration_111_automation_wiring.TestTask2ContractAgreeTestimonialScheduling" name="test_contract_agree_without_portal_token_fails" time="1.236" /><testcase classname="tests.test_iteration_111_automation_wiring.TestTask3PortalMessaging" name="test_portal_message_saved_and_returns_immediately" time="2.165" /><testcase classname="tests.test_iteration_111_automation_wiring.TestTask3PortalMessaging" name="test_portal_message_empty_content_rejected" time="0.122" /><testcase classname="tests.test_iteration_111_automation_wiring.TestTask3PortalMessaging" name="test_portal_message_invalid_token" time="0.720" /><testcase classname="tests.test_iteration_111_automation_wiring.TestTask4FileReviewReminder" name="test_file_upload_deliverable_schedules_reminder" time="2.025" /><testcase classname="tests.test_iteration_111_automation_wiring.TestTask4FileReviewReminder" name="test_file_upload_reference_no_reminder" time="1.690" /><testcase classname="tests.test_iteration_111_automation_wiring.TestTask5InquiryAcknowledgement" name="test_public_lead_submit_triggers_acknowledgement" time="0.465" /><testcase classname="tests.test_iteration_111_automation_wiring.TestTask5InquiryAcknowledgement" name="test_public_lead_submit_validation" time="0.119" /><testcase classname="tests.test_iteration_111_automation_wiring.TestTask6DiscoveryCallQuoteReminder" name="test_discovery_call_completed_schedules_reminder" time="2.156" /><testcase classname="tests.test_iteration_111_automation_wiring.TestTask6DiscoveryCallQuoteReminder" name="test_discovery_call_dedup_guard" time="1.715" /><testcase classname="tests.test_iteration_111_automation_wiring.TestPortalEndpoints" name="test_portal_get_lead_details" time="2.410" /><testcase classname="tests.test_iteration_111_automation_wiring.TestPortalEndpoints" name="test_portal_invalid_token" time="0.734" /></testsuite></testsuites>