<?xml version="1.0" encoding="utf-8"?><testsuites name="pytest tests"><testsuite name="pytest" errors="0" failures="0" skipped="0" tests="13" time="15.931" timestamp="2026-03-07T18:15:52.468212+00:00" hostname="agent-env-cd3074d9-3582-4207-8bdb-1df3b49d8beb"><testcase classname="tests.test_iteration48_fixes.TestHealthAndAuth" name="test_01_health_check" time="0.223" /><testcase classname="tests.test_iteration48_fixes.TestHealthAndAuth" name="test_02_login_user1" time="0.641" /><testcase classname="tests.test_iteration48_fixes.TestHealthAndAuth" name="test_03_login_user2" time="0.446" /><testcase classname="tests.test_iteration48_fixes.TestDataIsolation" name="test_04_data_isolation_user1_leads" time="0.814" /><testcase classname="tests.test_iteration48_fixes.TestDataIsolation" name="test_05_autopilot_user_leads" time="0.641" /><testcase classname="tests.test_iteration48_fixes.TestPortalSubmit" name="test_06_portal_submit_without_studioId" time="1.031" /><testcase classname="tests.test_iteration48_fixes.TestPortalSubmit" name="test_07_portal_submit_with_studioId" time="0.574" /><testcase classname="tests.test_iteration48_fixes.TestLeadCreationWithEmails" name="test_08_create_lead_with_email" time="1.338" /><testcase classname="tests.test_iteration48_fixes.TestQuoteFlow" name="test_09_quote_flow_create_send_accept" time="6.456" /><testcase classname="tests.test_iteration48_fixes.TestSettingsAPI" name="test_10_settings_brand_get" time="0.673" /><testcase classname="tests.test_iteration48_fixes.TestSettingsAPI" name="test_11_settings_brand_update" time="0.706" /><testcase classname="tests.test_iteration48_fixes.TestSignupVerification" name="test_12_signup_creates_verification_token" time="0.668" /><testcase classname="tests.test_iteration48_fixes.TestCleanup" name="test_99_cleanup_test_leads" time="1.653" /></testsuite></testsuites>