<?xml version="1.0" encoding="utf-8"?><testsuites name="pytest tests"><testsuite name="pytest" errors="0" failures="0" skipped="0" tests="10" time="4.553" timestamp="2026-03-31T18:38:01.459180+00:00" hostname="agent-env-18ae5035-910d-4a1a-9acf-52e28735e40f"><testcase classname="tests.test_portfolio_inquiry_iteration108.TestPublicPortfolioAPI" name="test_public_portfolio_returns_brand_fields" time="0.826" /><testcase classname="tests.test_portfolio_inquiry_iteration108.TestPublicPortfolioAPI" name="test_public_portfolio_404_for_invalid_user" time="0.235" /><testcase classname="tests.test_portfolio_inquiry_iteration108.TestPublicBookingAPI" name="test_book_endpoint_returns_user_brand_info" time="0.328" /><testcase classname="tests.test_portfolio_inquiry_iteration108.TestPublicBookingAPI" name="test_book_endpoint_404_for_invalid_user" time="0.249" /><testcase classname="tests.test_portfolio_inquiry_iteration108.TestPublicTestimonialsAPI" name="test_testimonials_endpoint_returns_array" time="0.337" /><testcase classname="tests.test_portfolio_inquiry_iteration108.TestInquirySubmission" name="test_inquiry_submission_creates_lead" time="0.910" /><testcase classname="tests.test_portfolio_inquiry_iteration108.TestInquirySubmission" name="test_inquiry_submission_validates_required_fields" time="0.128" /><testcase classname="tests.test_portfolio_inquiry_iteration108.TestInquirySubmission" name="test_inquiry_submission_without_studio_id" time="0.680" /><testcase classname="tests.test_portfolio_inquiry_iteration108.TestBrandColorIntegration" name="test_brand_primary_color_format" time="0.340" /><testcase classname="tests.test_portfolio_inquiry_iteration108.TestBrandColorIntegration" name="test_brand_font_family_present" time="0.396" /></testsuite></testsuites>