<?xml version="1.0" encoding="utf-8"?><testsuites name="pytest tests"><testsuite name="pytest" errors="0" failures="4" skipped="0" tests="28" time="18.250" timestamp="2026-03-05T23:08:57.226464+00:00" hostname="agent-env-beac6e6e-64c7-48fd-94de-793a960d681a"><testcase classname="backend.tests.test_kolor_e2e.TestSuite1_Authentication" name="test_1a_login_valid_credentials" time="0.590" /><testcase classname="backend.tests.test_kolor_e2e.TestSuite1_Authentication" name="test_1b_get_me_returns_user" time="0.785" /><testcase classname="backend.tests.test_kolor_e2e.TestSuite1_Authentication" name="test_1c_login_wrong_password" time="0.314" /><testcase classname="backend.tests.test_kolor_e2e.TestSuite1_Authentication" name="test_1d_protected_route_without_auth" time="0.127" /><testcase classname="backend.tests.test_kolor_e2e.TestSuite2_LeadManagement" name="test_2a_get_leads" time="0.346" /><testcase classname="backend.tests.test_kolor_e2e.TestSuite2_LeadManagement" name="test_2b_get_lead_stats" time="1.150" /><testcase classname="backend.tests.test_kolor_e2e.TestSuite2_LeadManagement" name="test_2c_get_specific_lead" time="0.340" /><testcase classname="backend.tests.test_kolor_e2e.TestSuite2_LeadManagement" name="test_2d_get_lead_activities" time="1.481" /><testcase classname="backend.tests.test_kolor_e2e.TestSuite3_LeadDetailAndQuotes" name="test_3a_get_lead_with_files" time="1.727" /><testcase classname="backend.tests.test_kolor_e2e.TestSuite3_LeadDetailAndQuotes" name="test_3b_get_quotes" time="0.113"><failure message="assert 404 == 200&#10; +  where 404 = &lt;Response [404]&gt;.status_code">backend/tests/test_kolor_e2e.py:135: in test_3b_get_quotes
    assert response.status_code == 200
E   assert 404 == 200
E    +  where 404 = &lt;Response [404]&gt;.status_code</failure></testcase><testcase classname="backend.tests.test_kolor_e2e.TestSuite3_LeadDetailAndQuotes" name="test_3c_get_contracts" time="0.164"><failure message="assert 404 == 200&#10; +  where 404 = &lt;Response [404]&gt;.status_code">backend/tests/test_kolor_e2e.py:143: in test_3c_get_contracts
    assert response.status_code == 200
E   assert 404 == 200
E    +  where 404 = &lt;Response [404]&gt;.status_code</failure></testcase><testcase classname="backend.tests.test_kolor_e2e.TestSuite3_LeadDetailAndQuotes" name="test_3d_get_deliverables" time="0.116"><failure message="assert 404 == 200&#10; +  where 404 = &lt;Response [404]&gt;.status_code">backend/tests/test_kolor_e2e.py:151: in test_3d_get_deliverables
    assert response.status_code == 200
E   assert 404 == 200
E    +  where 404 = &lt;Response [404]&gt;.status_code</failure></testcase><testcase classname="backend.tests.test_kolor_e2e.TestSuite4_ClientPortal" name="test_4a_portal_loads" time="1.961" /><testcase classname="backend.tests.test_kolor_e2e.TestSuite4_ClientPortal" name="test_4b_portal_client_name" time="0.714" /><testcase classname="backend.tests.test_kolor_e2e.TestSuite4_ClientPortal" name="test_4c_portal_status" time="0.740" /><testcase classname="backend.tests.test_kolor_e2e.TestSuite4_ClientPortal" name="test_4d_portal_shared_files" time="0.681" /><testcase classname="backend.tests.test_kolor_e2e.TestSuite5_FileSharing" name="test_5a_get_lead_files_with_share_status" time="0.570" /><testcase classname="backend.tests.test_kolor_e2e.TestSuite5_FileSharing" name="test_5b_portal_file_download_endpoint" time="1.422" /><testcase classname="backend.tests.test_kolor_e2e.TestSuite6_Portfolio" name="test_6a_get_public_portfolio" time="1.272" /><testcase classname="backend.tests.test_kolor_e2e.TestSuite6_Portfolio" name="test_6b_get_user_portfolio" time="0.327" /><testcase classname="backend.tests.test_kolor_e2e.TestSuite7_Testimonials" name="test_7a_get_public_testimonials" time="0.446" /><testcase classname="backend.tests.test_kolor_e2e.TestSuite7_Testimonials" name="test_7b_get_user_testimonials" time="0.325" /><testcase classname="backend.tests.test_kolor_e2e.TestSuite8_Settings" name="test_8a_get_settings" time="1.043" /><testcase classname="backend.tests.test_kolor_e2e.TestSuite8_Settings" name="test_8b_get_brand_settings" time="0.342" /><testcase classname="backend.tests.test_kolor_e2e.TestSuite9_RevenueDashboard" name="test_11a_get_revenue_stats" time="0.120"><failure message="assert 404 == 200&#10; +  where 404 = &lt;Response [404]&gt;.status_code">backend/tests/test_kolor_e2e.py:329: in test_11a_get_revenue_stats
    assert response.status_code == 200
E   assert 404 == 200
E    +  where 404 = &lt;Response [404]&gt;.status_code</failure></testcase><testcase classname="backend.tests.test_kolor_e2e.TestSuite9_RevenueDashboard" name="test_11b_get_crm_alerts" time="0.258" /><testcase classname="backend.tests.test_kolor_e2e.TestSuite12_EmailVerification" name="test_12a_me_has_email_verified" time="0.249" /><testcase classname="backend.tests.test_kolor_e2e.TestSuite12_EmailVerification" name="test_12b_invalid_verification_token" time="0.352" /></testsuite></testsuites>