<?xml version="1.0" encoding="utf-8"?><testsuites name="pytest tests"><testsuite name="pytest" errors="0" failures="0" skipped="0" tests="16" time="9.346" timestamp="2026-03-03T17:47:52.897575+00:00" hostname="agent-env-7ec7c71f-3841-49af-8fb8-827372507e64"><testcase classname="backend.tests.test_kolor_studio_apis.TestHealthEndpoint" name="test_health_check" time="0.229" /><testcase classname="backend.tests.test_kolor_studio_apis.TestAuthEndpoints" name="test_login_success" time="0.520" /><testcase classname="backend.tests.test_kolor_studio_apis.TestAuthEndpoints" name="test_login_invalid_credentials" time="0.263" /><testcase classname="backend.tests.test_kolor_studio_apis.TestAuthEndpoints" name="test_get_me_authenticated" time="0.650" /><testcase classname="backend.tests.test_kolor_studio_apis.TestAuthEndpoints" name="test_get_me_unauthenticated" time="0.131" /><testcase classname="backend.tests.test_kolor_studio_apis.TestLeadsEndpoints" name="test_get_leads" time="0.763" /><testcase classname="backend.tests.test_kolor_studio_apis.TestLeadsEndpoints" name="test_get_leads_stats" time="0.736" /><testcase classname="backend.tests.test_kolor_studio_apis.TestLeadsEndpoints" name="test_get_leads_unauthorized" time="0.116" /><testcase classname="backend.tests.test_kolor_studio_apis.TestPortfolioEndpoints" name="test_get_portfolio_authenticated" time="0.779" /><testcase classname="backend.tests.test_kolor_studio_apis.TestPortfolioEndpoints" name="test_get_public_portfolio" time="0.326" /><testcase classname="backend.tests.test_kolor_studio_apis.TestPortfolioEndpoints" name="test_get_public_portfolio_nonexistent_user" time="0.214" /><testcase classname="backend.tests.test_kolor_studio_apis.TestPortfolioEndpoints" name="test_portfolio_has_expected_item" time="0.694" /><testcase classname="backend.tests.test_kolor_studio_apis.TestSettingsEndpoints" name="test_get_settings" time="0.768" /><testcase classname="backend.tests.test_kolor_studio_apis.TestAnalyticsEndpoints" name="test_get_dashboard_analytics" time="0.885" /><testcase classname="backend.tests.test_kolor_studio_apis.TestBookingsEndpoints" name="test_get_bookings" time="1.372" /><testcase classname="backend.tests.test_kolor_studio_apis.TestBookingsEndpoints" name="test_get_calendar_events" time="0.770" /></testsuite></testsuites>