<?xml version="1.0" encoding="utf-8"?><testsuites name="pytest tests"><testsuite name="pytest" errors="0" failures="0" skipped="0" tests="17" time="11.675" timestamp="2026-03-17T23:36:14.838871+00:00" hostname="agent-env-0caa00b2-84fe-406c-a075-762daf22a7f6"><testcase classname="backend.tests.test_kolor_features_75.TestMilestonesAPI" name="test_get_milestones_for_lead" time="0.967" /><testcase classname="backend.tests.test_kolor_features_75.TestMilestonesAPI" name="test_create_milestone_with_name_only" time="0.748" /><testcase classname="backend.tests.test_kolor_features_75.TestMilestonesAPI" name="test_create_milestone_with_due_date" time="0.515" /><testcase classname="backend.tests.test_kolor_features_75.TestMilestonesAPI" name="test_update_milestone_mark_completed" time="0.953" /><testcase classname="backend.tests.test_kolor_features_75.TestMilestonesAPI" name="test_delete_milestone" time="1.111" /><testcase classname="backend.tests.test_kolor_features_75.TestScheduledEmailOnStatusChange" name="test_status_change_to_booked_creates_scheduled_email" time="2.699" /><testcase classname="backend.tests.test_kolor_features_75.TestPortalInquiryWithProjectType" name="test_submit_inquiry_with_project_type" time="1.044" /><testcase classname="backend.tests.test_kolor_features_75.TestPortalInquiryWithProjectType" name="test_submit_inquiry_with_all_project_types" time="2.393" /><testcase classname="backend.tests.test_kolor_features_75.TestLeadsAPIWithProjectType" name="test_create_lead_with_project_type" time="1.180" /><testcase classname="backend.tests.test_kolor_features_75.TestFileUploadWithMessage" name="test_file_upload_endpoint_accepts_message" time="0.000" /><testcase classname="backend.tests.test_kolor_features_75.TestCodeReview" name="test_share_files_label_in_client_upload" time="0.000" /><testcase classname="backend.tests.test_kolor_features_75.TestCodeReview" name="test_file_message_input_exists" time="0.000" /><testcase classname="backend.tests.test_kolor_features_75.TestCodeReview" name="test_project_type_dropdown_in_inquiry" time="0.000" /><testcase classname="backend.tests.test_kolor_features_75.TestCodeReview" name="test_scheduled_email_model_exists" time="0.000" /><testcase classname="backend.tests.test_kolor_features_75.TestCodeReview" name="test_process_scheduled_emails_imported" time="0.000" /><testcase classname="backend.tests.test_kolor_features_75.TestCodeReview" name="test_submit_lead_data_has_project_type" time="0.000" /><testcase classname="backend.tests.test_kolor_features_75.TestCodeReview" name="test_project_timeline_tab_in_lead_detail_modal" time="0.000" /></testsuite></testsuites>