<?xml version="1.0" encoding="utf-8"?><testsuites name="pytest tests"><testsuite name="pytest" errors="0" failures="0" skipped="0" tests="19" time="12.054" timestamp="2026-03-18T14:17:49.188663+00:00" hostname="agent-env-0f5b1c75-3599-42a7-bcb2-8eb346efd1f9"><testcase classname="backend.tests.test_meeting_booking_system.TestMeetingTypesAPI" name="test_get_meeting_types" time="1.045" /><testcase classname="backend.tests.test_meeting_booking_system.TestMeetingTypesAPI" name="test_create_meeting_type" time="0.957" /><testcase classname="backend.tests.test_meeting_booking_system.TestMeetingTypesAPI" name="test_create_meeting_type_validation" time="0.312" /><testcase classname="backend.tests.test_meeting_booking_system.TestMeetingTypesAPI" name="test_update_meeting_type" time="1.118" /><testcase classname="backend.tests.test_meeting_booking_system.TestMeetingTypesAPI" name="test_delete_meeting_type" time="0.865" /><testcase classname="backend.tests.test_meeting_booking_system.TestAvailabilityAPI" name="test_get_availability" time="0.230" /><testcase classname="backend.tests.test_meeting_booking_system.TestAvailabilityAPI" name="test_save_availability" time="1.102" /><testcase classname="backend.tests.test_meeting_booking_system.TestAvailabilityAPI" name="test_availability_validation" time="0.362" /><testcase classname="backend.tests.test_meeting_booking_system.TestPublicBookingAPI" name="test_get_public_booking_page_data" time="0.397" /><testcase classname="backend.tests.test_meeting_booking_system.TestPublicBookingAPI" name="test_get_public_booking_invalid_user" time="0.220" /><testcase classname="backend.tests.test_meeting_booking_system.TestPublicBookingAPI" name="test_get_available_slots" time="0.568" /><testcase classname="backend.tests.test_meeting_booking_system.TestPublicBookingAPI" name="test_get_slots_missing_date" time="0.112" /><testcase classname="backend.tests.test_meeting_booking_system.TestPublicBookingAPI" name="test_create_booking" time="1.745" /><testcase classname="backend.tests.test_meeting_booking_system.TestPublicBookingAPI" name="test_create_booking_validation" time="0.104" /><testcase classname="backend.tests.test_meeting_booking_system.TestPublicBookingAPI" name="test_double_booking_prevention" time="0.451" /><testcase classname="backend.tests.test_meeting_booking_system.TestMeetingBookingsAPI" name="test_get_meeting_bookings" time="0.548" /><testcase classname="backend.tests.test_meeting_booking_system.TestMeetingBookingsAPI" name="test_get_meeting_bookings_filter_upcoming" time="0.440" /><testcase classname="backend.tests.test_meeting_booking_system.TestMeetingBookingsAPI" name="test_get_meeting_bookings_filter_status" time="0.442" /><testcase classname="backend.tests.test_meeting_booking_system.TestMeetingBookingsAPI" name="test_cancel_meeting_booking" time="0.897" /></testsuite></testsuites>