<?xml version="1.0" encoding="utf-8"?><testsuites name="pytest tests"><testsuite name="pytest" errors="0" failures="0" skipped="0" tests="11" time="6.156" timestamp="2026-03-06T00:04:01.888895+00:00" hostname="agent-env-beac6e6e-64c7-48fd-94de-793a960d681a"><testcase classname="test_messages_api.TestAuthenticatedMessagesAPI" name="test_get_messages_for_lead" time="1.099" /><testcase classname="test_messages_api.TestAuthenticatedMessagesAPI" name="test_creative_send_message" time="0.374" /><testcase classname="test_messages_api.TestAuthenticatedMessagesAPI" name="test_creative_send_empty_message_fails" time="0.126" /><testcase classname="test_messages_api.TestAuthenticatedMessagesAPI" name="test_creative_send_whitespace_only_message_fails" time="0.156" /><testcase classname="test_messages_api.TestAuthenticatedMessagesAPI" name="test_mark_messages_as_read" time="0.607" /><testcase classname="test_messages_api.TestAuthenticatedMessagesAPI" name="test_get_unread_counts" time="0.262" /><testcase classname="test_messages_api.TestPortalMessagesAPI" name="test_portal_get_messages" time="0.502" /><testcase classname="test_messages_api.TestPortalMessagesAPI" name="test_portal_client_send_message" time="0.337" /><testcase classname="test_messages_api.TestPortalMessagesAPI" name="test_portal_client_send_empty_message_fails" time="0.153" /><testcase classname="test_messages_api.TestPortalMessagesAPI" name="test_portal_invalid_token_returns_404" time="0.217" /><testcase classname="test_messages_api.TestMessagingFlow" name="test_full_messaging_flow" time="2.196" /></testsuite></testsuites>