<?xml version="1.0" encoding="utf-8"?><testsuites name="pytest tests"><testsuite name="pytest" errors="0" failures="0" skipped="0" tests="13" time="12.852" timestamp="2026-03-10T16:26:21.187023+00:00" hostname="agent-env-47efcc69-fe4d-41a0-a05f-3238c8ee258b"><testcase classname="tests.test_onboarding_drip.TestHealthAndBasics" name="test_health_endpoint" time="0.158" /><testcase classname="tests.test_onboarding_drip.TestHealthAndBasics" name="test_auth_login" time="0.601" /><testcase classname="tests.test_onboarding_drip.TestOnboardingDripStructure" name="test_digest_api_still_works" time="1.664" /><testcase classname="tests.test_onboarding_drip.TestOnboardingDripStructure" name="test_contracts_api_exists" time="0.691" /><testcase classname="tests.test_onboarding_drip.TestOnboardingDripStructure" name="test_contracts_templates_list" time="0.535" /><testcase classname="tests.test_onboarding_drip.TestOnboardingEnrollmentFlow" name="test_contract_agree_endpoint_exists" time="0.241" /><testcase classname="tests.test_onboarding_drip.TestOnboardingEnrollmentFlow" name="test_contract_agree_requires_portal_token" time="0.130" /><testcase classname="tests.test_onboarding_drip.TestOnboardingEnrollmentFlow" name="test_portal_access_with_token" time="0.908" /><testcase classname="tests.test_onboarding_drip.TestOnboardingIntegration" name="test_create_contract_for_lead" time="4.342" /><testcase classname="tests.test_onboarding_drip.TestNoRegressions" name="test_leads_api_works" time="1.242" /><testcase classname="tests.test_onboarding_drip.TestNoRegressions" name="test_settings_api_works" time="0.757" /><testcase classname="tests.test_onboarding_drip.TestNoRegressions" name="test_analytics_api_works" time="0.779" /><testcase classname="tests.test_onboarding_drip.TestNoRegressions" name="test_quotes_templates_api_works" time="0.740" /></testsuite></testsuites>