<?xml version="1.0" encoding="utf-8"?><testsuites name="pytest tests"><testsuite name="pytest" errors="0" failures="0" skipped="0" tests="9" time="4.766" timestamp="2026-03-22T00:02:02.084529+00:00" hostname="agent-env-3c334bfa-29a4-49e5-9e13-c7a95b0b4136"><testcase classname="backend.tests.test_onboarding_checklist_apis.TestOnboardingChecklistAPIs" name="test_google_calendar_status_endpoint" time="0.866" /><testcase classname="backend.tests.test_onboarding_checklist_apis.TestOnboardingChecklistAPIs" name="test_meeting_types_endpoint" time="0.629" /><testcase classname="backend.tests.test_onboarding_checklist_apis.TestOnboardingChecklistAPIs" name="test_availability_endpoint" time="0.667" /><testcase classname="backend.tests.test_onboarding_checklist_apis.TestOnboardingChecklistAPIs" name="test_leads_endpoint" time="0.662" /><testcase classname="backend.tests.test_onboarding_checklist_apis.TestOnboardingChecklistAPIs" name="test_onboarding_progress_calculation" time="1.339" /><testcase classname="backend.tests.test_onboarding_checklist_apis.TestOnboardingChecklistUnauthorized" name="test_google_calendar_status_requires_auth" time="0.097" /><testcase classname="backend.tests.test_onboarding_checklist_apis.TestOnboardingChecklistUnauthorized" name="test_meeting_types_requires_auth" time="0.090" /><testcase classname="backend.tests.test_onboarding_checklist_apis.TestOnboardingChecklistUnauthorized" name="test_availability_requires_auth" time="0.110" /><testcase classname="backend.tests.test_onboarding_checklist_apis.TestOnboardingChecklistUnauthorized" name="test_leads_requires_auth" time="0.110" /></testsuite></testsuites>