<?xml version="1.0" encoding="utf-8"?><testsuites name="pytest tests"><testsuite name="pytest" errors="0" failures="0" skipped="0" tests="11" time="2.844" timestamp="2026-02-21T11:07:43.681852+00:00" hostname="agent-env-9a09a408-e3cc-43e7-a3de-2b2a6520ad75"><testcase classname="test_password_reset.TestForgotPassword" name="test_forgot_password_success_existing_email" time="0.552" /><testcase classname="test_password_reset.TestForgotPassword" name="test_forgot_password_success_nonexistent_email" time="0.203" /><testcase classname="test_password_reset.TestForgotPassword" name="test_forgot_password_empty_email" time="0.106" /><testcase classname="test_password_reset.TestForgotPassword" name="test_forgot_password_missing_email" time="0.092" /><testcase classname="test_password_reset.TestForgotPassword" name="test_forgot_password_rate_limiting" time="0.736" /><testcase classname="test_password_reset.TestResetPassword" name="test_reset_password_invalid_token" time="0.207" /><testcase classname="test_password_reset.TestResetPassword" name="test_reset_password_expired_token" time="0.218" /><testcase classname="test_password_reset.TestResetPassword" name="test_reset_password_short_password" time="0.103" /><testcase classname="test_password_reset.TestResetPassword" name="test_reset_password_missing_token" time="0.103" /><testcase classname="test_password_reset.TestResetPassword" name="test_reset_password_missing_password" time="0.092" /><testcase classname="test_password_reset.TestLoginIntegration" name="test_login_existing_user" time="0.383" /></testsuite></testsuites>