<?xml version="1.0" encoding="utf-8"?><testsuites name="pytest tests"><testsuite name="pytest" errors="0" failures="0" skipped="0" tests="17" time="5.037" timestamp="2026-03-06T15:12:41.086697+00:00" hostname="agent-env-74af7a87-854a-4c5b-9125-d3b4c0109a80"><testcase classname="test_payments_api.TestPaymentsAuth" name="test_status_requires_auth" time="0.144" /><testcase classname="test_payments_api.TestPaymentsAuth" name="test_deposit_requires_auth" time="0.132" /><testcase classname="test_payments_api.TestPaymentsAuth" name="test_final_requires_auth" time="0.120" /><testcase classname="test_payments_api.TestPaymentsAuth" name="test_by_quote_requires_auth" time="0.127" /><testcase classname="test_payments_api.TestPaymentEndpoints" name="test_status_returns_404_for_nonexistent_income" time="1.008" /><testcase classname="test_payments_api.TestPaymentEndpoints" name="test_deposit_returns_404_for_nonexistent_income" time="0.253" /><testcase classname="test_payments_api.TestPaymentEndpoints" name="test_final_returns_404_for_nonexistent_income" time="0.282" /><testcase classname="test_payments_api.TestPaymentEndpoints" name="test_by_quote_returns_404_for_nonexistent_quote" time="0.333" /><testcase classname="test_payments_api.TestPaymentEndpoints" name="test_session_status_handles_invalid_stripe_key" time="0.238" /><testcase classname="test_payments_api.TestWebhookEndpoints" name="test_webhook_returns_400_for_invalid_signature" time="0.100" /><testcase classname="test_payments_api.TestWebhookEndpoints" name="test_webhook_returns_400_with_fake_signature" time="0.116" /><testcase classname="test_payments_api.TestRegressionExistingFlows" name="test_health_endpoint" time="0.116" /><testcase classname="test_payments_api.TestRegressionExistingFlows" name="test_login_flow" time="0.401" /><testcase classname="test_payments_api.TestRegressionExistingFlows" name="test_leads_access" time="0.360" /><testcase classname="test_payments_api.TestRegressionExistingFlows" name="test_sequences_access" time="0.882" /><testcase classname="test_payments_api.TestRouteOrdering" name="test_by_quote_route_not_conflicting" time="0.232" /><testcase classname="test_payments_api.TestRouteOrdering" name="test_session_route_not_conflicting" time="0.132" /></testsuite></testsuites>