<?xml version="1.0" encoding="utf-8"?><testsuites name="pytest tests"><testsuite name="pytest" errors="0" failures="0" skipped="0" tests="7" time="5.077" timestamp="2026-03-09T20:42:26.288502+00:00" hostname="agent-env-e29f9b7d-cbf3-47e7-b46a-5c00fd7fa169"><testcase classname="tests.test_phase_52.TestPhase1MessageNotifications" name="test_portal_message_client_to_creative" time="0.857" /><testcase classname="tests.test_phase_52.TestPhase1MessageNotifications" name="test_lead_message_creative_to_client" time="1.116" /><testcase classname="tests.test_phase_52.TestPhase1WorkProgressNotifications" name="test_deliverable_status_update_notification" time="1.108" /><testcase classname="tests.test_phase_52.TestPhase3RevenuePipeline" name="test_revenue_pipeline_endpoint" time="0.933" /><testcase classname="tests.test_phase_52.TestPhase2QuoteModalSelectors" name="test_quote_builder_modal_file_review" time="0.000" /><testcase classname="tests.test_phase_52.TestBackendHealth" name="test_health_endpoint" time="0.119" /><testcase classname="tests.test_phase_52.TestBackendHealth" name="test_dashboard_analytics" time="0.824" /></testsuite></testsuites>