<?xml version="1.0" encoding="utf-8"?><testsuites name="pytest tests"><testsuite name="pytest" errors="0" failures="0" skipped="0" tests="21" time="11.628" timestamp="2026-03-03T20:49:47.470890+00:00" hostname="agent-env-7ec7c71f-3841-49af-8fb8-827372507e64"><testcase classname="test_phase2_apis.TestAuth" name="test_login_success" time="0.553" /><testcase classname="test_phase2_apis.TestLeadsWithNewFields" name="test_get_leads_returns_new_fields" time="0.441" /><testcase classname="test_phase2_apis.TestLeadsWithNewFields" name="test_filter_leads_by_project_type" time="0.328" /><testcase classname="test_phase2_apis.TestLeadsWithNewFields" name="test_get_single_lead_with_new_fields" time="0.578" /><testcase classname="test_phase2_apis.TestLeadsWithNewFields" name="test_patch_lead_new_fields" time="1.556" /><testcase classname="test_phase2_apis.TestWorkflowTemplates" name="test_create_workflow_template" time="1.009" /><testcase classname="test_phase2_apis.TestWorkflowTemplates" name="test_get_workflow_templates" time="0.348" /><testcase classname="test_phase2_apis.TestWorkflowTemplates" name="test_get_single_workflow_template" time="0.335" /><testcase classname="test_phase2_apis.TestWorkflowTemplates" name="test_get_templates_by_industry" time="0.354" /><testcase classname="test_phase2_apis.TestWorkflowTemplates" name="test_patch_workflow_template" time="0.813" /><testcase classname="test_phase2_apis.TestWorkflowTemplates" name="test_delete_workflow_template" time="0.590" /><testcase classname="test_phase2_apis.TestDeliverables" name="test_create_deliverable_for_lead" time="0.677" /><testcase classname="test_phase2_apis.TestDeliverables" name="test_get_deliverables_for_lead" time="0.374" /><testcase classname="test_phase2_apis.TestDeliverables" name="test_get_single_deliverable" time="0.330" /><testcase classname="test_phase2_apis.TestDeliverables" name="test_patch_deliverable" time="0.454" /><testcase classname="test_phase2_apis.TestDeliverables" name="test_patch_deliverable_status_pending_to_in_progress" time="0.441" /><testcase classname="test_phase2_apis.TestDeliverables" name="test_patch_deliverable_status_to_delivered" time="0.444" /><testcase classname="test_phase2_apis.TestDeliverables" name="test_delete_deliverable" time="0.754" /><testcase classname="test_phase2_apis.TestRegressionDashboard" name="test_leads_stats" time="0.476" /><testcase classname="test_phase2_apis.TestRegressionDashboard" name="test_portfolio" time="0.341" /><testcase classname="test_phase2_apis.TestRegressionDashboard" name="test_analytics" time="0.347" /></testsuite></testsuites>