<?xml version="1.0" encoding="utf-8"?><testsuites name="pytest tests"><testsuite name="pytest" errors="0" failures="0" skipped="0" tests="19" time="16.572" timestamp="2026-03-03T18:18:31.034482+00:00" hostname="agent-env-7ec7c71f-3841-49af-8fb8-827372507e64"><testcase classname="backend.tests.test_kolor_studio_apis.TestHealthEndpoint" name="test_health_check" time="0.164" /><testcase classname="backend.tests.test_kolor_studio_apis.TestAuthEndpoints" name="test_login_success" time="0.564" /><testcase classname="backend.tests.test_kolor_studio_apis.TestAuthEndpoints" name="test_login_invalid_credentials" time="0.358" /><testcase classname="backend.tests.test_kolor_studio_apis.TestAuthEndpoints" name="test_get_me_authenticated" time="0.778" /><testcase classname="backend.tests.test_kolor_studio_apis.TestAuthEndpoints" name="test_get_me_unauthenticated" time="0.103" /><testcase classname="backend.tests.test_kolor_studio_apis.TestLeadsEndpoints" name="test_get_leads" time="1.568" /><testcase classname="backend.tests.test_kolor_studio_apis.TestLeadsEndpoints" name="test_get_leads_stats" time="1.450" /><testcase classname="backend.tests.test_kolor_studio_apis.TestLeadsEndpoints" name="test_get_leads_unauthorized" time="0.149" /><testcase classname="backend.tests.test_kolor_studio_apis.TestPortfolioEndpoints" name="test_get_portfolio_authenticated" time="1.526" /><testcase classname="backend.tests.test_kolor_studio_apis.TestPortfolioEndpoints" name="test_get_public_portfolio" time="0.564" /><testcase classname="backend.tests.test_kolor_studio_apis.TestPortfolioEndpoints" name="test_get_public_portfolio_nonexistent_user" time="0.266" /><testcase classname="backend.tests.test_kolor_studio_apis.TestPortfolioEndpoints" name="test_portfolio_has_expected_item" time="0.653" /><testcase classname="backend.tests.test_kolor_studio_apis.TestSettingsEndpoints" name="test_get_settings" time="1.531" /><testcase classname="backend.tests.test_kolor_studio_apis.TestAnalyticsEndpoints" name="test_get_dashboard_analytics" time="1.585" /><testcase classname="backend.tests.test_kolor_studio_apis.TestBookingsEndpoints" name="test_get_bookings" time="1.942" /><testcase classname="backend.tests.test_kolor_studio_apis.TestBookingsEndpoints" name="test_get_calendar_events" time="0.988" /><testcase classname="backend.tests.test_kolor_studio_apis.TestPhase1SchemaRegression" name="test_leads_have_default_project_type" time="0.754" /><testcase classname="backend.tests.test_kolor_studio_apis.TestPhase1SchemaRegression" name="test_leads_have_default_deliverable_type" time="0.628" /><testcase classname="backend.tests.test_kolor_studio_apis.TestPhase1SchemaRegression" name="test_leads_stats_unchanged" time="0.886" /></testsuite></testsuites>