<?xml version="1.0" encoding="utf-8"?><testsuites name="pytest tests"><testsuite name="pytest" errors="0" failures="0" skipped="0" tests="12" time="6.319" timestamp="2026-03-03T22:11:24.813641+00:00" hostname="agent-env-7ec7c71f-3841-49af-8fb8-827372507e64"><testcase classname="tests.test_phase4_onboarding.TestPhase4Onboarding" name="test_01_login_returns_primary_industry" time="1.147" /><testcase classname="tests.test_phase4_onboarding.TestPhase4Onboarding" name="test_02_get_me_returns_primary_industry" time="0.262" /><testcase classname="tests.test_phase4_onboarding.TestPhase4Onboarding" name="test_03_onboarding_requires_auth" time="0.110" /><testcase classname="tests.test_phase4_onboarding.TestPhase4Onboarding" name="test_04_onboarding_validates_industry" time="0.301" /><testcase classname="tests.test_phase4_onboarding.TestPhase4Onboarding" name="test_05_onboarding_with_graphic_design" time="0.452" /><testcase classname="tests.test_phase4_onboarding.TestPhase4Onboarding" name="test_06_get_workflow_templates_returns_seeded_templates" time="0.474" /><testcase classname="tests.test_phase4_onboarding.TestPhase4Onboarding" name="test_07_workflow_template_has_correct_stages" time="0.914" /><testcase classname="tests.test_phase4_onboarding.TestPhase4Onboarding" name="test_08_all_valid_industries_accepted" time="0.640" /><testcase classname="tests.test_phase4_onboarding.TestRegressionPhase4" name="test_09_leads_endpoint_still_works" time="0.787" /><testcase classname="tests.test_phase4_onboarding.TestRegressionPhase4" name="test_10_lead_stats_endpoint_still_works" time="0.495" /><testcase classname="tests.test_phase4_onboarding.TestRegressionPhase4" name="test_11_portfolio_endpoint_still_works" time="0.328" /><testcase classname="tests.test_phase4_onboarding.TestRegressionPhase4" name="test_12_analytics_endpoint_still_works" time="0.348" /></testsuite></testsuites>