<?xml version="1.0" encoding="utf-8"?><testsuites name="pytest tests"><testsuite name="pytest" errors="0" failures="0" skipped="0" tests="11" time="9.825" timestamp="2026-03-03T23:13:33.924392+00:00" hostname="agent-env-c0d304d7-cb8e-4661-8500-bcb3d3033612"><testcase classname="tests.test_phase5_uiux.TestAuthAPI" name="test_login_returns_user_data" time="0.675" /><testcase classname="tests.test_phase5_uiux.TestAuthAPI" name="test_get_me_returns_user_profile" time="0.664" /><testcase classname="tests.test_phase5_uiux.TestDashboardStats" name="test_stats_endpoint" time="0.775" /><testcase classname="tests.test_phase5_uiux.TestLeadsAPI" name="test_leads_endpoint_returns_coverimage_field" time="0.753" /><testcase classname="tests.test_phase5_uiux.TestLeadsAPI" name="test_leads_filter_by_project_type" time="0.335" /><testcase classname="tests.test_phase5_uiux.TestLeadsAPI" name="test_leads_filter_by_industry" time="0.346" /><testcase classname="tests.test_phase5_uiux.TestLeadsAPI" name="test_create_lead_with_coverimage" time="2.242" /><testcase classname="tests.test_phase5_uiux.TestCoverImageUpload" name="test_upload_cover_requires_auth" time="0.101" /><testcase classname="tests.test_phase5_uiux.TestCoverImageUpload" name="test_upload_cover_requires_file" time="0.530" /><testcase classname="tests.test_phase5_uiux.TestLeadActivities" name="test_get_activities" time="1.422" /><testcase classname="tests.test_phase5_uiux.TestLeadFiles" name="test_get_files" time="1.872" /></testsuite></testsuites>