<?xml version="1.0" encoding="utf-8"?><testsuites name="pytest tests"><testsuite name="pytest" errors="0" failures="0" skipped="0" tests="17" time="11.156" timestamp="2026-02-21T01:31:14.031570+00:00" hostname="agent-env-1c9dc939-3637-4257-8af3-ee3a34d207f9"><testcase classname="tests.test_portal.TestPortalAPI" name="test_portal_valid_token_returns_200" time="0.842" /><testcase classname="tests.test_portal.TestPortalAPI" name="test_portal_response_structure" time="0.684" /><testcase classname="tests.test_portal.TestPortalAPI" name="test_portal_project_data" time="0.661" /><testcase classname="tests.test_portal.TestPortalAPI" name="test_portal_status_data" time="0.666" /><testcase classname="tests.test_portal.TestPortalAPI" name="test_portal_client_data" time="0.648" /><testcase classname="tests.test_portal.TestPortalAPI" name="test_portal_contact_data" time="0.647" /><testcase classname="tests.test_portal.TestPortalAPI" name="test_portal_timeline_is_list" time="0.656" /><testcase classname="tests.test_portal.TestPortalAPI" name="test_portal_meta_data" time="0.655" /><testcase classname="tests.test_portal.TestPortalAPI" name="test_portal_invalid_token_returns_404" time="0.247" /><testcase classname="tests.test_portal.TestPortalAPI" name="test_portal_short_token_returns_400" time="0.121" /><testcase classname="tests.test_portal.TestPortalAPI" name="test_portal_empty_token_returns_400" time="0.107" /><testcase classname="tests.test_portal.TestPortalAPI" name="test_portal_views_increment" time="1.841" /><testcase classname="tests.test_portal.TestPortalAPI" name="test_portal_only_shows_client_safe_activities" time="0.684" /><testcase classname="tests.test_portal.TestPortalAPI" name="test_portal_activity_descriptions_are_sanitized" time="0.651" /><testcase classname="tests.test_portal.TestPortalEdgeCases" name="test_portal_budget_field_optional" time="0.655" /><testcase classname="tests.test_portal.TestPortalEdgeCases" name="test_portal_timeline_field_optional" time="0.663" /><testcase classname="tests.test_portal.TestPortalEdgeCases" name="test_portal_event_date_optional" time="0.642" /></testsuite></testsuites>