<?xml version="1.0" encoding="utf-8"?><testsuites name="pytest tests"><testsuite name="pytest" errors="0" failures="0" skipped="0" tests="8" time="5.782" timestamp="2026-03-09T23:20:16.501725+00:00" hostname="agent-env-47efcc69-fe4d-41a0-a05f-3238c8ee258b"><testcase classname="backend.tests.test_prebeta_polish.TestDigestAPI" name="test_digest_preview_requires_auth" time="0.235" /><testcase classname="backend.tests.test_prebeta_polish.TestDigestAPI" name="test_digest_send_requires_auth" time="0.114" /><testcase classname="backend.tests.test_prebeta_polish.TestDigestAPI" name="test_digest_preview_returns_data" time="1.773" /><testcase classname="backend.tests.test_prebeta_polish.TestDigestAPI" name="test_digest_send_with_no_activity" time="1.214" /><testcase classname="backend.tests.test_prebeta_polish.TestBrandSettingsAPI" name="test_brand_settings_get" time="0.334" /><testcase classname="backend.tests.test_prebeta_polish.TestBrandSettingsAPI" name="test_brand_settings_update" time="0.993" /><testcase classname="backend.tests.test_prebeta_polish.TestPortalEndpoint" name="test_portal_loads" time="0.883" /><testcase classname="backend.tests.test_prebeta_polish.TestHealthCheck" name="test_api_health" time="0.122" /></testsuite></testsuites>