<?xml version="1.0" encoding="utf-8"?><testsuites name="pytest tests"><testsuite name="pytest" errors="0" failures="0" skipped="0" tests="14" time="4.559" timestamp="2026-03-23T20:37:34.065655+00:00" hostname="agent-env-18ae5035-910d-4a1a-9acf-52e28735e40f"><testcase classname="backend.tests.test_production_hardening.TestHealthEndpoint" name="test_health_returns_200" time="0.224" /><testcase classname="backend.tests.test_production_hardening.TestSecurityHeaders" name="test_x_content_type_options_header" time="0.119" /><testcase classname="backend.tests.test_production_hardening.TestSecurityHeaders" name="test_x_frame_options_header" time="0.321" /><testcase classname="backend.tests.test_production_hardening.TestSecurityHeaders" name="test_strict_transport_security_header" time="0.172" /><testcase classname="backend.tests.test_production_hardening.TestSecurityHeaders" name="test_x_xss_protection_header" time="0.105" /><testcase classname="backend.tests.test_production_hardening.TestSecurityHeaders" name="test_content_security_policy_header" time="0.131" /><testcase classname="backend.tests.test_production_hardening.TestGzipCompression" name="test_gzip_compression_on_large_response" time="0.258" /><testcase classname="backend.tests.test_production_hardening.TestAuthentication" name="test_login_success" time="1.503" /><testcase classname="backend.tests.test_production_hardening.TestAuthentication" name="test_login_invalid_credentials" time="0.222" /><testcase classname="backend.tests.test_production_hardening.TestAuthentication" name="test_dashboard_access_with_cookie" time="0.781" /><testcase classname="backend.tests.test_production_hardening.TestRateLimiting" name="test_rate_limit_headers_present" time="0.095" /><testcase classname="backend.tests.test_production_hardening.TestRateLimiting" name="test_auth_rate_limit_info" time="0.210" /><testcase classname="backend.tests.test_production_hardening.TestAPIEndpoints" name="test_api_root_returns_info" time="0.107" /><testcase classname="backend.tests.test_production_hardening.TestAPIEndpoints" name="test_404_for_unknown_route" time="0.102" /></testsuite></testsuites>