<?xml version="1.0" encoding="utf-8"?><testsuites name="pytest tests"><testsuite name="pytest" errors="0" failures="0" skipped="0" tests="16" time="6.312" timestamp="2026-03-06T13:11:46.166548+00:00" hostname="agent-env-d638742d-1546-4a91-b62b-42fa3bb7293d"><testcase classname="backend.tests.test_project_timeline.TestMilestonesRead" name="test_get_milestones_requires_auth" time="0.145" /><testcase classname="backend.tests.test_project_timeline.TestMilestonesRead" name="test_get_milestones_with_auth" time="0.903" /><testcase classname="backend.tests.test_project_timeline.TestMilestonesRead" name="test_portal_timeline_public_access" time="0.394" /><testcase classname="backend.tests.test_project_timeline.TestMilestonesRead" name="test_portal_timeline_invalid_token" time="0.173" /><testcase classname="backend.tests.test_project_timeline.TestMilestonesCRUD" name="test_create_milestone" time="0.519" /><testcase classname="backend.tests.test_project_timeline.TestMilestonesCRUD" name="test_create_milestone_requires_name_and_date" time="0.357" /><testcase classname="backend.tests.test_project_timeline.TestMilestonesCRUD" name="test_update_milestone_mark_complete" time="0.518" /><testcase classname="backend.tests.test_project_timeline.TestMilestonesCRUD" name="test_update_milestone_undo_complete" time="0.500" /><testcase classname="backend.tests.test_project_timeline.TestMilestonesCRUD" name="test_update_milestone_name_and_description" time="0.386" /><testcase classname="backend.tests.test_project_timeline.TestMilestonesCRUD" name="test_delete_milestone" time="0.656" /><testcase classname="backend.tests.test_project_timeline.TestMilestonesCRUD" name="test_delete_nonexistent_milestone" time="0.177" /><testcase classname="backend.tests.test_project_timeline.TestTimelineKeyDates" name="test_update_timeline_dates" time="0.282" /><testcase classname="backend.tests.test_project_timeline.TestTimelineKeyDates" name="test_update_timeline_partial" time="0.549" /><testcase classname="backend.tests.test_project_timeline.TestTimelineKeyDates" name="test_timeline_requires_auth" time="0.127" /><testcase classname="backend.tests.test_project_timeline.TestExistingMilestones" name="test_existing_completed_milestone" time="0.275" /><testcase classname="backend.tests.test_project_timeline.TestExistingMilestones" name="test_existing_pending_milestone" time="0.280" /></testsuite></testsuites>