<?xml version="1.0" encoding="utf-8"?><testsuites name="pytest tests"><testsuite name="pytest" errors="0" failures="0" skipped="2" tests="11" time="9.652" timestamp="2026-03-30T13:08:57.845144+00:00" hostname="agent-env-18ae5035-910d-4a1a-9acf-52e28735e40f"><testcase classname="tests.test_iteration_105_contracts.TestContractsAPI" name="test_get_contracts_all_authenticated" time="1.998" /><testcase classname="tests.test_iteration_105_contracts.TestContractsAPI" name="test_get_contracts_all_unauthenticated" time="0.508" /><testcase classname="tests.test_iteration_105_contracts.TestContractsAPI" name="test_get_contracts_pending" time="0.703" /><testcase classname="tests.test_iteration_105_contracts.TestContractsAPI" name="test_get_contracts_templates" time="0.455" /><testcase classname="tests.test_iteration_105_contracts.TestContractAgreeEndpoint" name="test_agree_requires_portal_token" time="0.712"><skipped type="pytest.skip" message="No SENT/VIEWED contracts available for testing">/app/kolor-studio-v2/backend/tests/test_iteration_105_contracts.py:150: No SENT/VIEWED contracts available for testing</skipped></testcase><testcase classname="tests.test_iteration_105_contracts.TestContractAgreeEndpoint" name="test_agree_returns_celebration_flag" time="0.695"><skipped type="pytest.skip" message="No SENT/VIEWED contracts with portalToken available">/app/kolor-studio-v2/backend/tests/test_iteration_105_contracts.py:179: No SENT/VIEWED contracts with portalToken available</skipped></testcase><testcase classname="tests.test_iteration_105_contracts.TestContractViewedEndpoint" name="test_viewed_requires_portal_token" time="0.127" /><testcase classname="tests.test_iteration_105_contracts.TestContractViewedEndpoint" name="test_viewed_with_invalid_token" time="0.346" /><testcase classname="tests.test_iteration_105_contracts.TestPortalAutoViewedBehavior" name="test_portal_load_returns_contracts" time="2.340" /><testcase classname="tests.test_iteration_105_contracts.TestQuotesAPI" name="test_get_quotes_all" time="1.125" /><testcase classname="tests.test_iteration_105_contracts.TestLeadsAPI" name="test_leads_have_portal_token" time="0.590" /></testsuite></testsuites>