<?xml version="1.0" encoding="utf-8"?><testsuites name="pytest tests"><testsuite name="pytest" errors="0" failures="0" skipped="0" tests="12" time="25.705" timestamp="2026-03-06T11:50:27.281163+00:00" hostname="agent-env-d638742d-1546-4a91-b62b-42fa3bb7293d"><testcase classname="backend.tests.test_email_composer.TestEmailComposerBackend" name="test_create_draft_quote_for_testing" time="2.285" /><testcase classname="backend.tests.test_email_composer.TestEmailComposerBackend" name="test_send_quote_without_custom_email" time="2.849" /><testcase classname="backend.tests.test_email_composer.TestEmailComposerBackend" name="test_send_quote_with_custom_subject_and_message" time="2.351" /><testcase classname="backend.tests.test_email_composer.TestEmailComposerBackend" name="test_resend_quote_with_custom_message" time="3.091" /><testcase classname="backend.tests.test_email_composer.TestEmailComposerBackend" name="test_create_draft_contract_for_testing" time="1.520" /><testcase classname="backend.tests.test_email_composer.TestEmailComposerBackend" name="test_send_contract_without_custom_email" time="2.109" /><testcase classname="backend.tests.test_email_composer.TestEmailComposerBackend" name="test_send_contract_with_custom_subject_and_message" time="1.758" /><testcase classname="backend.tests.test_email_composer.TestEmailComposerBackend" name="test_resend_contract_with_custom_message" time="2.710" /><testcase classname="backend.tests.test_email_composer.TestEmailComposerBackend" name="test_send_quote_with_empty_subject" time="2.461" /><testcase classname="backend.tests.test_email_composer.TestEmailComposerBackend" name="test_send_contract_with_empty_message" time="1.839" /><testcase classname="backend.tests.test_email_composer.TestEmailComposerBackend" name="test_get_quotes_for_lead" time="1.952" /><testcase classname="backend.tests.test_email_composer.TestEmailComposerBackend" name="test_get_contracts_for_lead" time="0.721" /></testsuite></testsuites>