<?xml version="1.0" encoding="utf-8"?><testsuites name="pytest tests"><testsuite name="pytest" errors="0" failures="0" skipped="0" tests="17" time="32.007" timestamp="2026-02-21T12:42:52.585009+00:00" hostname="agent-env-53ce78a2-1f80-446b-a472-7265bf1ad219"><testcase classname="test_quotes_settings.TestSettingsAPI" name="test_get_settings_returns_currency_info" time="2.308" /><testcase classname="test_quotes_settings.TestSettingsAPI" name="test_update_currency_settings" time="0.989" /><testcase classname="test_quotes_settings.TestSettingsAPI" name="test_update_currency_position_after" time="0.917" /><testcase classname="test_quotes_settings.TestSettingsAPI" name="test_update_number_format_european" time="0.947" /><testcase classname="test_quotes_settings.TestSettingsAPI" name="test_invalid_tax_rate_rejected" time="0.540" /><testcase classname="test_quotes_settings.TestSettingsAPI" name="test_get_currencies_public" time="0.497" /><testcase classname="test_quotes_settings.TestQuotesAPI" name="test_create_quote_basic" time="2.303" /><testcase classname="test_quotes_settings.TestQuotesAPI" name="test_create_quote_with_currency_override" time="1.666" /><testcase classname="test_quotes_settings.TestQuotesAPI" name="test_get_quotes_for_lead" time="1.169" /><testcase classname="test_quotes_settings.TestQuotesAPI" name="test_send_quote_creates_sent_status" time="2.963" /><testcase classname="test_quotes_settings.TestQuotesAPI" name="test_validation_empty_line_items_rejected" time="0.817" /><testcase classname="test_quotes_settings.TestQuotesAPI" name="test_validation_past_date_rejected" time="0.822" /><testcase classname="test_quotes_settings.TestPublicQuoteAPI" name="test_public_quote_view" time="2.128" /><testcase classname="test_quotes_settings.TestPublicQuoteAPI" name="test_public_quote_invalid_token" time="1.350" /><testcase classname="test_quotes_settings.TestPublicQuoteAPI" name="test_accept_quote" time="4.302" /><testcase classname="test_quotes_settings.TestPublicQuoteAPI" name="test_decline_quote_with_reason" time="4.027" /><testcase classname="test_quotes_settings.TestPublicQuoteAPI" name="test_cannot_accept_already_declined" time="4.206" /></testsuite></testsuites>