<?xml version="1.0" encoding="utf-8"?><testsuites name="pytest tests"><testsuite name="pytest" errors="0" failures="0" skipped="0" tests="9" time="18.243" timestamp="2026-03-14T01:19:23.733732+00:00" hostname="agent-env-164f80a2-f8bf-46f8-baf1-aa635a471777"><testcase classname="tests.test_quote_email_send_p0_fix.TestHealthCheck" name="test_health_endpoint" time="0.242" /><testcase classname="tests.test_quote_email_send_p0_fix.TestHealthCheck" name="test_multiple_requests_no_rate_limit_error" time="0.676" /><testcase classname="tests.test_quote_email_send_p0_fix.TestAuthFlow" name="test_signup_success" time="1.283" /><testcase classname="tests.test_quote_email_send_p0_fix.TestAuthFlow" name="test_login_success" time="0.758" /><testcase classname="tests.test_quote_email_send_p0_fix.TestQuoteEmailSendP0Fix" name="test_send_quote_external_email_returns_emailSent_false" time="4.084" /><testcase classname="tests.test_quote_email_send_p0_fix.TestQuoteEmailSendP0Fix" name="test_send_quote_owner_email_returns_emailSent_true" time="3.619" /><testcase classname="tests.test_quote_email_send_p0_fix.TestQuoteEmailSendP0Fix" name="test_api_response_structure_includes_all_fields" time="2.060" /><testcase classname="tests.test_quote_email_send_p0_fix.TestLeadCreation" name="test_create_lead_success" time="1.649" /><testcase classname="tests.test_quote_email_send_p0_fix.TestQuoteCreation" name="test_create_quote_success" time="3.714" /></testsuite></testsuites>