<?xml version="1.0" encoding="utf-8"?><testsuites name="pytest tests"><testsuite name="pytest" errors="0" failures="0" skipped="0" tests="14" time="5.714" timestamp="2026-03-10T19:11:08.426569+00:00" hostname="agent-env-47efcc69-fe4d-41a0-a05f-3238c8ee258b"><testcase classname="tests.test_quote_followup.TestQuoteFollowUpDashboard" name="test_dashboard_returns_two_sequences" time="1.576" /><testcase classname="tests.test_quote_followup.TestQuoteFollowUpDashboard" name="test_quote_followup_sequence_structure" time="0.375" /><testcase classname="tests.test_quote_followup.TestQuoteFollowUpDashboard" name="test_dashboard_stats_includes_both_sequences" time="0.650" /><testcase classname="tests.test_quote_followup.TestQuoteFollowUpEnrollments" name="test_enrollments_endpoint_returns_array" time="0.274" /><testcase classname="tests.test_quote_followup.TestQuoteFollowUpEmailPreviews" name="test_step1_preview_gentle_reminder" time="0.276" /><testcase classname="tests.test_quote_followup.TestQuoteFollowUpEmailPreviews" name="test_step2_preview_answer_questions" time="0.274" /><testcase classname="tests.test_quote_followup.TestQuoteFollowUpEmailPreviews" name="test_step3_preview_final_followup" time="0.230" /><testcase classname="tests.test_quote_followup.TestQuoteFollowUpEmailPreviews" name="test_all_three_previews_are_different" time="0.732" /><testcase classname="tests.test_quote_followup.TestQuoteFollowUpTriggersInRoutes" name="test_health_check" time="0.119" /><testcase classname="tests.test_quote_followup.TestQuoteFollowUpTriggersInRoutes" name="test_quotes_endpoint_exists" time="0.359" /><testcase classname="tests.test_quote_followup.TestUnauthorizedAccess" name="test_dashboard_requires_auth" time="0.166" /><testcase classname="tests.test_quote_followup.TestUnauthorizedAccess" name="test_stats_requires_auth" time="0.155" /><testcase classname="tests.test_quote_followup.TestUnauthorizedAccess" name="test_enrollments_requires_auth" time="0.114" /><testcase classname="tests.test_quote_followup.TestUnauthorizedAccess" name="test_preview_requires_auth" time="0.113" /></testsuite></testsuites>