<?xml version="1.0" encoding="utf-8"?><testsuites name="pytest tests"><testsuite name="pytest" errors="0" failures="0" skipped="0" tests="9" time="6.134" timestamp="2026-03-22T23:35:18.350640+00:00" hostname="agent-env-883fc7bc-a6b3-40f8-8d2d-f6dd3671eaca"><testcase classname="backend.tests.test_remember_me_feature.TestRememberMeBackend" name="test_login_with_remember_me_true_sets_persistent_cookie" time="0.409" /><testcase classname="backend.tests.test_remember_me_feature.TestRememberMeBackend" name="test_login_with_remember_me_false_sets_session_cookie" time="0.410" /><testcase classname="backend.tests.test_remember_me_feature.TestRememberMeBackend" name="test_login_without_remember_me_defaults_to_persistent_cookie" time="0.438" /><testcase classname="backend.tests.test_remember_me_feature.TestRememberMeBackend" name="test_jwt_expiry_differs_based_on_remember_me" time="0.829" /><testcase classname="backend.tests.test_remember_me_feature.TestRememberMeBackend" name="test_session_cookie_still_works_for_auth" time="0.694" /><testcase classname="backend.tests.test_remember_me_feature.TestRememberMeBackend" name="test_persistent_cookie_still_works_for_auth" time="0.581" /><testcase classname="backend.tests.test_remember_me_feature.TestRememberMeCookieAttributes" name="test_cookie_has_httponly_attribute" time="0.821" /><testcase classname="backend.tests.test_remember_me_feature.TestRememberMeCookieAttributes" name="test_cookie_has_samesite_attribute" time="1.084" /><testcase classname="backend.tests.test_remember_me_feature.TestRememberMeCookieAttributes" name="test_cookie_has_path_attribute" time="0.819" /></testsuite></testsuites>