<?xml version="1.0" encoding="utf-8"?><testsuites name="pytest tests"><testsuite name="pytest" errors="0" failures="0" skipped="0" tests="14" time="28.780" timestamp="2026-03-06T21:58:45.559562+00:00" hostname="agent-env-cd3074d9-3582-4207-8bdb-1df3b49d8beb"><testcase classname="kolor-studio-v2.backend.tests.test_rls_data_isolation.TestHealthCheck" name="test_health_endpoint" time="0.259" /><testcase classname="kolor-studio-v2.backend.tests.test_rls_data_isolation.TestAuthentication" name="test_login_with_valid_credentials" time="0.515" /><testcase classname="kolor-studio-v2.backend.tests.test_rls_data_isolation.TestSequenceDataIsolation" name="test_get_sequences_returns_only_own_sequences" time="1.066" /><testcase classname="kolor-studio-v2.backend.tests.test_rls_data_isolation.TestSequenceDataIsolation" name="test_get_sequence_by_non_existent_id_returns_404" time="0.651" /><testcase classname="kolor-studio-v2.backend.tests.test_rls_data_isolation.TestSequenceDataIsolation" name="test_create_sequence_assigns_to_authenticated_user" time="2.606" /><testcase classname="kolor-studio-v2.backend.tests.test_rls_data_isolation.TestSequenceDataIsolation" name="test_update_sequence_only_own_sequence" time="2.551" /><testcase classname="kolor-studio-v2.backend.tests.test_rls_data_isolation.TestSequenceDataIsolation" name="test_delete_sequence_only_own_sequence" time="1.853" /><testcase classname="kolor-studio-v2.backend.tests.test_rls_data_isolation.TestSequenceStepDataIsolation" name="test_add_step_only_to_own_sequence" time="2.097" /><testcase classname="kolor-studio-v2.backend.tests.test_rls_data_isolation.TestSequenceStepDataIsolation" name="test_update_step_rejects_non_owned_sequence" time="2.527" /><testcase classname="kolor-studio-v2.backend.tests.test_rls_data_isolation.TestEnrollmentDataIsolation" name="test_enroll_lead_verifies_both_ownerships" time="4.037" /><testcase classname="kolor-studio-v2.backend.tests.test_rls_data_isolation.TestMilestoneDataIsolation" name="test_get_milestones_for_own_lead" time="1.626" /><testcase classname="kolor-studio-v2.backend.tests.test_rls_data_isolation.TestMilestoneDataIsolation" name="test_create_milestone_only_on_own_lead" time="2.234" /><testcase classname="kolor-studio-v2.backend.tests.test_rls_data_isolation.TestMilestoneDataIsolation" name="test_update_milestone_rejects_non_owned_lead" time="2.331" /><testcase classname="kolor-studio-v2.backend.tests.test_rls_data_isolation.TestRegressionE2EFlow" name="test_full_e2e_flow" time="4.343" /></testsuite></testsuites>