<?xml version="1.0" encoding="utf-8"?><testsuites name="pytest tests"><testsuite name="pytest" errors="0" failures="0" skipped="0" tests="8" time="9.782" timestamp="2026-03-11T18:57:45.288859+00:00" hostname="agent-env-01deb958-cb87-4f88-b37b-9cf5302a5a0e"><testcase classname="backend.tests.test_security_audit_p1.TestAuditLogging" name="test_delete_lead_creates_audit_entry" time="3.184" /><testcase classname="backend.tests.test_security_audit_p1.TestAccountDeletion" name="test_account_deletion_without_password_returns_400" time="1.772" /><testcase classname="backend.tests.test_security_audit_p1.TestAccountDeletion" name="test_account_deletion_with_wrong_password_returns_401" time="1.519" /><testcase classname="backend.tests.test_security_audit_p1.TestAccountDeletion" name="test_account_deletion_with_correct_password_returns_200" time="2.065" /><testcase classname="backend.tests.test_security_audit_p1.TestPasswordResetHardening" name="test_password_reset_short_password_returns_400" time="0.119" /><testcase classname="backend.tests.test_security_audit_p1.TestPasswordResetHardening" name="test_password_reset_weak_password_returns_400" time="0.115" /><testcase classname="backend.tests.test_security_audit_p1.TestPasswordResetHardening" name="test_password_reset_invalid_token_returns_400" time="0.372" /><testcase classname="backend.tests.test_security_audit_p1.TestBasicAuth" name="test_login_with_test_credentials" time="0.451" /></testsuite></testsuites>