<?xml version="1.0" encoding="utf-8"?><testsuites name="pytest tests"><testsuite name="pytest" errors="0" failures="0" skipped="0" tests="23" time="6.413" timestamp="2026-03-10T17:24:29.229635+00:00" hostname="agent-env-47efcc69-fe4d-41a0-a05f-3238c8ee258b"><testcase classname="tests.test_sequences_dashboard.TestSequencesDashboard" name="test_dashboard_returns_sequences" time="0.962" /><testcase classname="tests.test_sequences_dashboard.TestSequencesDashboard" name="test_dashboard_has_two_builtin_sequences" time="0.293" /><testcase classname="tests.test_sequences_dashboard.TestSequencesDashboard" name="test_client_onboarding_sequence_structure" time="0.280" /><testcase classname="tests.test_sequences_dashboard.TestSequencesDashboard" name="test_quote_followup_sequence_structure" time="0.280" /><testcase classname="tests.test_sequences_dashboard.TestSequencesDashboard" name="test_sequence_step_fields" time="0.220" /><testcase classname="tests.test_sequences_dashboard.TestSequencesDashboardStats" name="test_stats_returns_required_fields" time="0.572" /><testcase classname="tests.test_sequences_dashboard.TestSequencesDashboardStats" name="test_stats_correct_sequence_counts" time="0.352" /><testcase classname="tests.test_sequences_dashboard.TestSequencesDashboardStats" name="test_stats_values_are_numbers" time="0.429" /><testcase classname="tests.test_sequences_dashboard.TestSequenceToggle" name="test_toggle_client_onboarding_accepts_request" time="0.144" /><testcase classname="tests.test_sequences_dashboard.TestSequenceToggle" name="test_toggle_with_false_value" time="0.108" /><testcase classname="tests.test_sequences_dashboard.TestSequenceToggle" name="test_toggle_invalid_sequence_returns_400" time="0.151" /><testcase classname="tests.test_sequences_dashboard.TestSequenceEnrollments" name="test_client_onboarding_enrollments_returns_array" time="0.346" /><testcase classname="tests.test_sequences_dashboard.TestSequenceEnrollments" name="test_quote_followup_enrollments_returns_empty" time="0.126" /><testcase classname="tests.test_sequences_dashboard.TestEmailPreview" name="test_step_1_preview_welcome_email" time="0.376" /><testcase classname="tests.test_sequences_dashboard.TestEmailPreview" name="test_step_2_preview_portal_guide" time="0.293" /><testcase classname="tests.test_sequences_dashboard.TestEmailPreview" name="test_step_3_preview_update_reminder" time="0.223" /><testcase classname="tests.test_sequences_dashboard.TestEmailPreview" name="test_invalid_step_returns_404" time="0.142" /><testcase classname="tests.test_sequences_dashboard.TestEmailPreview" name="test_invalid_sequence_preview_returns_404" time="0.155" /><testcase classname="tests.test_sequences_dashboard.TestAuthRequired" name="test_dashboard_requires_auth" time="0.117" /><testcase classname="tests.test_sequences_dashboard.TestAuthRequired" name="test_stats_requires_auth" time="0.130" /><testcase classname="tests.test_sequences_dashboard.TestAuthRequired" name="test_toggle_requires_auth" time="0.150" /><testcase classname="tests.test_sequences_dashboard.TestAuthRequired" name="test_enrollments_requires_auth" time="0.175" /><testcase classname="tests.test_sequences_dashboard.TestAuthRequired" name="test_preview_requires_auth" time="0.184" /></testsuite></testsuites>