<?xml version="1.0" encoding="utf-8"?><testsuites name="pytest tests"><testsuite name="pytest" errors="0" failures="1" skipped="2" tests="14" time="9.092" timestamp="2026-03-05T17:19:28.144691+00:00" hostname="agent-env-e81e8e89-88aa-468c-abcc-a5cbb547a509"><testcase classname="backend.tests.test_testimonials_api.TestTestimonialEndpoints" name="test_01_get_leads_for_testing" time="0.935" /><testcase classname="backend.tests.test_testimonials_api.TestTestimonialEndpoints" name="test_02_get_existing_testimonials" time="0.543" /><testcase classname="backend.tests.test_testimonials_api.TestTestimonialEndpoints" name="test_03_get_testimonial_stats" time="0.458" /><testcase classname="backend.tests.test_testimonials_api.TestTestimonialEndpoints" name="test_04_request_testimonial_for_lead" time="0.816"><failure message="AssertionError: Request testimonial failed: {&quot;error&quot;:&quot;Lead not found&quot;}&#10;assert 404 == 200&#10; +  where 404 = &lt;Response [404]&gt;.status_code">backend/tests/test_testimonials_api.py:151: in test_04_request_testimonial_for_lead
    assert response.status_code == 200, f"Request testimonial failed: {response.text}"
E   AssertionError: Request testimonial failed: {"error":"Lead not found"}
E   assert 404 == 200
E    +  where 404 = &lt;Response [404]&gt;.status_code</failure></testcase><testcase classname="backend.tests.test_testimonials_api.TestTestimonialEndpoints" name="test_05_get_submit_details_public" time="0.666" /><testcase classname="backend.tests.test_testimonials_api.TestTestimonialEndpoints" name="test_06_submit_testimonial_public" time="0.335"><skipped type="pytest.skip" message="No unsubmitted testimonials available for testing">/app/backend/tests/test_testimonials_api.py:220: No unsubmitted testimonials available for testing</skipped></testcase><testcase classname="backend.tests.test_testimonials_api.TestTestimonialEndpoints" name="test_07_submit_already_submitted_error" time="0.595" /><testcase classname="backend.tests.test_testimonials_api.TestTestimonialEndpoints" name="test_08_approve_testimonial" time="0.898" /><testcase classname="backend.tests.test_testimonials_api.TestTestimonialEndpoints" name="test_09_feature_toggle_testimonial" time="0.787" /><testcase classname="backend.tests.test_testimonials_api.TestTestimonialEndpoints" name="test_10_reject_testimonial" time="0.340"><skipped type="pytest.skip" message="No pending testimonials available to reject">/app/backend/tests/test_testimonials_api.py:374: No pending testimonials available to reject</skipped></testcase><testcase classname="backend.tests.test_testimonials_api.TestTestimonialEndpoints" name="test_11_get_public_testimonials" time="0.345" /><testcase classname="backend.tests.test_testimonials_api.TestTestimonialEndpoints" name="test_12_invalid_token_returns_404" time="0.247" /><testcase classname="backend.tests.test_testimonials_api.TestTestimonialEndpoints" name="test_13_submit_validation_errors" time="0.133" /><testcase classname="backend.tests.test_testimonials_api.TestAutoTestimonialOnDelivery" name="test_deliverable_status_update_creates_testimonial" time="1.921" /></testsuite></testsuites>